INFO 2024-12-04 10:31:56,274 autoreload Watching for file changes with StatReloader
INFO 2024-12-04 10:32:25,263 basehttp "GET /post/quickkkkk/ HTTP/1.1" 200 3632
INFO 2024-12-04 11:13:02,879 basehttp "GET /post/quickkkkk/ HTTP/1.1" 200 3632
WARNING 2024-12-04 11:13:02,980 log Not Found: /favicon.ico
INFO 2024-12-04 11:13:02,981 basehttp - Broken pipe from ('127.0.0.1', 52153)
INFO 2024-12-04 11:13:06,806 views Accès à la page d'accueil.
INFO 2024-12-04 11:13:06,854 basehttp "GET / HTTP/1.1" 200 5185
INFO 2024-12-04 11:13:07,600 basehttp "GET /post/jhgfdsdfghgfd/ HTTP/1.1" 200 3431
INFO 2024-12-04 11:13:12,857 views Accès à la page d'accueil.
INFO 2024-12-04 11:13:12,902 basehttp "GET / HTTP/1.1" 200 5185
WARNING 2024-12-04 11:13:12,954 log Not Found: /favicon.ico
INFO 2024-12-04 11:13:12,955 basehttp - Broken pipe from ('127.0.0.1', 52155)
INFO 2024-12-04 11:13:24,431 basehttp "GET /post/admin/ HTTP/1.1" 200 3412
INFO 2024-12-04 11:13:35,298 views Accès à la page d'accueil.
INFO 2024-12-04 11:13:35,336 basehttp "GET / HTTP/1.1" 200 5185
WARNING 2024-12-04 11:13:35,373 log Not Found: /favicon.ico
INFO 2024-12-04 11:13:35,374 basehttp - Broken pipe from ('127.0.0.1', 52161)
INFO 2024-12-04 11:13:46,161 basehttp "GET /post/jhgfdsdfghgfd/ HTTP/1.1" 200 3431
WARNING 2024-12-04 11:13:46,200 log Not Found: /favicon.ico
INFO 2024-12-04 11:13:46,201 basehttp - Broken pipe from ('127.0.0.1', 52168)
INFO 2024-12-04 11:13:47,183 views Accès à la page d'accueil.
INFO 2024-12-04 11:13:47,226 basehttp "GET / HTTP/1.1" 200 5185
WARNING 2024-12-04 11:13:47,273 log Not Found: /favicon.ico
INFO 2024-12-04 11:13:47,274 basehttp - Broken pipe from ('127.0.0.1', 52170)
INFO 2024-12-04 11:13:48,165 basehttp "GET /post/gggggggggggggggg/ HTTP/1.1" 200 3627
INFO 2024-12-04 11:13:55,357 views Accès à la page d'accueil.
INFO 2024-12-04 11:13:55,399 basehttp "GET / HTTP/1.1" 200 5185
INFO 2024-12-04 11:13:57,994 basehttp "GET /post/jghfd/ HTTP/1.1" 200 3437
WARNING 2024-12-04 11:13:58,034 log Not Found: /favicon.ico
INFO 2024-12-04 11:13:58,035 basehttp - Broken pipe from ('127.0.0.1', 52172)
INFO 2024-12-04 11:18:43,750 views Accès à la page d'accueil.
INFO 2024-12-04 11:18:43,866 basehttp "GET / HTTP/1.1" 200 5185
WARNING 2024-12-04 11:18:43,973 log Not Found: /favicon.ico
INFO 2024-12-04 11:18:43,975 basehttp - Broken pipe from ('127.0.0.1', 52283)
INFO 2024-12-04 11:18:46,857 views Accès à la liste des catégories.
INFO 2024-12-04 11:18:46,909 basehttp "GET /categories/ HTTP/1.1" 200 4689
INFO 2024-12-04 11:18:50,119 basehttp "GET /categories/create/ HTTP/1.1" 200 2465
WARNING 2024-12-04 11:18:50,298 log Not Found: /favicon.ico
INFO 2024-12-04 11:18:50,301 basehttp - Broken pipe from ('127.0.0.1', 52285)
INFO 2024-12-04 11:19:01,140 views Requête POST reçue pour créer une catégorie.
ERROR 2024-12-04 11:19:01,602 log Internal Server Error: /categories/create/
Traceback (most recent call last):
  File "C:\code\cours-django\django-project\env\Lib\site-packages\django\db\backends\utils.py", line 105, in _execute
    return self.cursor.execute(sql, params)
           ~~~~~~~~~~~~~~~~~~~^^^^^^^^^^^^^
  File "C:\code\cours-django\django-project\env\Lib\site-packages\psycopg\cursor.py", line 97, in execute
    raise ex.with_traceback(None)
psycopg.errors.UniqueViolation: la valeur d'une clé dupliquée rompt la contrainte unique « blog_category_slug_key »
DETAIL:  La clé « (slug)=() » existe déjà.

The above exception was the direct cause of the following exception:

Traceback (most recent call last):
  File "C:\code\cours-django\django-project\env\Lib\site-packages\django\core\handlers\exception.py", line 55, in inner
    response = get_response(request)
  File "C:\code\cours-django\django-project\env\Lib\site-packages\django\core\handlers\base.py", line 197, in _get_response
    response = wrapped_callback(request, *callback_args, **callback_kwargs)
  File "C:\code\cours-django\django-project\env\Lib\site-packages\django\contrib\auth\decorators.py", line 60, in _view_wrapper
    return view_func(request, *args, **kwargs)
  File "C:\code\cours-django\django-project\env\project_blog\blog\views.py", line 172, in category_create
    Category.objects.create(nom=nom, description=description)
    ~~~~~~~~~~~~~~~~~~~~~~~^^^^^^^^^^^^^^^^^^^^^^^^^^^^^^^^^^
  File "C:\code\cours-django\django-project\env\Lib\site-packages\django\db\models\manager.py", line 87, in manager_method
    return getattr(self.get_queryset(), name)(*args, **kwargs)
           ~~~~~~~~~~~~~~~~~~~~~~~~~~~~~~~~~~^^^^^^^^^^^^^^^^^
  File "C:\code\cours-django\django-project\env\Lib\site-packages\django\db\models\query.py", line 679, in create
    obj.save(force_insert=True, using=self.db)
    ~~~~~~~~^^^^^^^^^^^^^^^^^^^^^^^^^^^^^^^^^^
  File "C:\code\cours-django\django-project\env\Lib\site-packages\django\db\models\base.py", line 891, in save
    self.save_base(
    ~~~~~~~~~~~~~~^
        using=using,
        ^^^^^^^^^^^^
    ...<2 lines>...
        update_fields=update_fields,
        ^^^^^^^^^^^^^^^^^^^^^^^^^^^^
    )
    ^
  File "C:\code\cours-django\django-project\env\Lib\site-packages\django\db\models\base.py", line 997, in save_base
    updated = self._save_table(
        raw,
    ...<4 lines>...
        update_fields,
    )
  File "C:\code\cours-django\django-project\env\Lib\site-packages\django\db\models\base.py", line 1160, in _save_table
    results = self._do_insert(
        cls._base_manager, using, fields, returning_fields, raw
    )
  File "C:\code\cours-django\django-project\env\Lib\site-packages\django\db\models\base.py", line 1201, in _do_insert
    return manager._insert(
           ~~~~~~~~~~~~~~~^
        [self],
        ^^^^^^^
    ...<3 lines>...
        raw=raw,
        ^^^^^^^^
    )
    ^
  File "C:\code\cours-django\django-project\env\Lib\site-packages\django\db\models\manager.py", line 87, in manager_method
    return getattr(self.get_queryset(), name)(*args, **kwargs)
           ~~~~~~~~~~~~~~~~~~~~~~~~~~~~~~~~~~^^^^^^^^^^^^^^^^^
  File "C:\code\cours-django\django-project\env\Lib\site-packages\django\db\models\query.py", line 1847, in _insert
    return query.get_compiler(using=using).execute_sql(returning_fields)
           ~~~~~~~~~~~~~~~~~~~~~~~~~~~~~~~~~~~~~~~~~~~^^^^^^^^^^^^^^^^^^
  File "C:\code\cours-django\django-project\env\Lib\site-packages\django\db\models\sql\compiler.py", line 1836, in execute_sql
    cursor.execute(sql, params)
    ~~~~~~~~~~~~~~^^^^^^^^^^^^^
  File "C:\code\cours-django\django-project\env\Lib\site-packages\django\db\backends\utils.py", line 122, in execute
    return super().execute(sql, params)
           ~~~~~~~~~~~~~~~^^^^^^^^^^^^^
  File "C:\code\cours-django\django-project\env\Lib\site-packages\django\db\backends\utils.py", line 79, in execute
    return self._execute_with_wrappers(
           ~~~~~~~~~~~~~~~~~~~~~~~~~~~^
        sql, params, many=False, executor=self._execute
        ^^^^^^^^^^^^^^^^^^^^^^^^^^^^^^^^^^^^^^^^^^^^^^^
    )
    ^
  File "C:\code\cours-django\django-project\env\Lib\site-packages\django\db\backends\utils.py", line 92, in _execute_with_wrappers
    return executor(sql, params, many, context)
  File "C:\code\cours-django\django-project\env\Lib\site-packages\django\db\backends\utils.py", line 100, in _execute
    with self.db.wrap_database_errors:
         ^^^^^^^^^^^^^^^^^^^^^^^^^^^^
  File "C:\code\cours-django\django-project\env\Lib\site-packages\django\db\utils.py", line 91, in __exit__
    raise dj_exc_value.with_traceback(traceback) from exc_value
  File "C:\code\cours-django\django-project\env\Lib\site-packages\django\db\backends\utils.py", line 105, in _execute
    return self.cursor.execute(sql, params)
           ~~~~~~~~~~~~~~~~~~~^^^^^^^^^^^^^
  File "C:\code\cours-django\django-project\env\Lib\site-packages\psycopg\cursor.py", line 97, in execute
    raise ex.with_traceback(None)
django.db.utils.IntegrityError: la valeur d'une clé dupliquée rompt la contrainte unique « blog_category_slug_key »
DETAIL:  La clé « (slug)=() » existe déjà.
ERROR 2024-12-04 11:19:01,621 basehttp "POST /categories/create/ HTTP/1.1" 500 163639
INFO 2024-12-04 11:19:41,287 basehttp "GET /categories/create/ HTTP/1.1" 200 2465
WARNING 2024-12-04 11:19:41,472 log Not Found: /favicon.ico
INFO 2024-12-04 11:19:41,474 basehttp - Broken pipe from ('127.0.0.1', 52290)
INFO 2024-12-04 11:19:46,586 views Requête POST reçue pour créer une catégorie.
ERROR 2024-12-04 11:19:46,679 log Internal Server Error: /categories/create/
Traceback (most recent call last):
  File "C:\code\cours-django\django-project\env\Lib\site-packages\django\db\backends\utils.py", line 105, in _execute
    return self.cursor.execute(sql, params)
           ~~~~~~~~~~~~~~~~~~~^^^^^^^^^^^^^
  File "C:\code\cours-django\django-project\env\Lib\site-packages\psycopg\cursor.py", line 97, in execute
    raise ex.with_traceback(None)
psycopg.errors.UniqueViolation: la valeur d'une clé dupliquée rompt la contrainte unique « blog_category_slug_key »
DETAIL:  La clé « (slug)=() » existe déjà.

The above exception was the direct cause of the following exception:

Traceback (most recent call last):
  File "C:\code\cours-django\django-project\env\Lib\site-packages\django\core\handlers\exception.py", line 55, in inner
    response = get_response(request)
  File "C:\code\cours-django\django-project\env\Lib\site-packages\django\core\handlers\base.py", line 197, in _get_response
    response = wrapped_callback(request, *callback_args, **callback_kwargs)
  File "C:\code\cours-django\django-project\env\Lib\site-packages\django\contrib\auth\decorators.py", line 60, in _view_wrapper
    return view_func(request, *args, **kwargs)
  File "C:\code\cours-django\django-project\env\project_blog\blog\views.py", line 172, in category_create
    Category.objects.create(nom=nom, description=description)
    ~~~~~~~~~~~~~~~~~~~~~~~^^^^^^^^^^^^^^^^^^^^^^^^^^^^^^^^^^
  File "C:\code\cours-django\django-project\env\Lib\site-packages\django\db\models\manager.py", line 87, in manager_method
    return getattr(self.get_queryset(), name)(*args, **kwargs)
           ~~~~~~~~~~~~~~~~~~~~~~~~~~~~~~~~~~^^^^^^^^^^^^^^^^^
  File "C:\code\cours-django\django-project\env\Lib\site-packages\django\db\models\query.py", line 679, in create
    obj.save(force_insert=True, using=self.db)
    ~~~~~~~~^^^^^^^^^^^^^^^^^^^^^^^^^^^^^^^^^^
  File "C:\code\cours-django\django-project\env\Lib\site-packages\django\db\models\base.py", line 891, in save
    self.save_base(
    ~~~~~~~~~~~~~~^
        using=using,
        ^^^^^^^^^^^^
    ...<2 lines>...
        update_fields=update_fields,
        ^^^^^^^^^^^^^^^^^^^^^^^^^^^^
    )
    ^
  File "C:\code\cours-django\django-project\env\Lib\site-packages\django\db\models\base.py", line 997, in save_base
    updated = self._save_table(
        raw,
    ...<4 lines>...
        update_fields,
    )
  File "C:\code\cours-django\django-project\env\Lib\site-packages\django\db\models\base.py", line 1160, in _save_table
    results = self._do_insert(
        cls._base_manager, using, fields, returning_fields, raw
    )
  File "C:\code\cours-django\django-project\env\Lib\site-packages\django\db\models\base.py", line 1201, in _do_insert
    return manager._insert(
           ~~~~~~~~~~~~~~~^
        [self],
        ^^^^^^^
    ...<3 lines>...
        raw=raw,
        ^^^^^^^^
    )
    ^
  File "C:\code\cours-django\django-project\env\Lib\site-packages\django\db\models\manager.py", line 87, in manager_method
    return getattr(self.get_queryset(), name)(*args, **kwargs)
           ~~~~~~~~~~~~~~~~~~~~~~~~~~~~~~~~~~^^^^^^^^^^^^^^^^^
  File "C:\code\cours-django\django-project\env\Lib\site-packages\django\db\models\query.py", line 1847, in _insert
    return query.get_compiler(using=using).execute_sql(returning_fields)
           ~~~~~~~~~~~~~~~~~~~~~~~~~~~~~~~~~~~~~~~~~~~^^^^^^^^^^^^^^^^^^
  File "C:\code\cours-django\django-project\env\Lib\site-packages\django\db\models\sql\compiler.py", line 1836, in execute_sql
    cursor.execute(sql, params)
    ~~~~~~~~~~~~~~^^^^^^^^^^^^^
  File "C:\code\cours-django\django-project\env\Lib\site-packages\django\db\backends\utils.py", line 122, in execute
    return super().execute(sql, params)
           ~~~~~~~~~~~~~~~^^^^^^^^^^^^^
  File "C:\code\cours-django\django-project\env\Lib\site-packages\django\db\backends\utils.py", line 79, in execute
    return self._execute_with_wrappers(
           ~~~~~~~~~~~~~~~~~~~~~~~~~~~^
        sql, params, many=False, executor=self._execute
        ^^^^^^^^^^^^^^^^^^^^^^^^^^^^^^^^^^^^^^^^^^^^^^^
    )
    ^
  File "C:\code\cours-django\django-project\env\Lib\site-packages\django\db\backends\utils.py", line 92, in _execute_with_wrappers
    return executor(sql, params, many, context)
  File "C:\code\cours-django\django-project\env\Lib\site-packages\django\db\backends\utils.py", line 100, in _execute
    with self.db.wrap_database_errors:
         ^^^^^^^^^^^^^^^^^^^^^^^^^^^^
  File "C:\code\cours-django\django-project\env\Lib\site-packages\django\db\utils.py", line 91, in __exit__
    raise dj_exc_value.with_traceback(traceback) from exc_value
  File "C:\code\cours-django\django-project\env\Lib\site-packages\django\db\backends\utils.py", line 105, in _execute
    return self.cursor.execute(sql, params)
           ~~~~~~~~~~~~~~~~~~~^^^^^^^^^^^^^
  File "C:\code\cours-django\django-project\env\Lib\site-packages\psycopg\cursor.py", line 97, in execute
    raise ex.with_traceback(None)
django.db.utils.IntegrityError: la valeur d'une clé dupliquée rompt la contrainte unique « blog_category_slug_key »
DETAIL:  La clé « (slug)=() » existe déjà.
ERROR 2024-12-04 11:19:46,689 basehttp "POST /categories/create/ HTTP/1.1" 500 163648
WARNING 2024-12-04 11:19:46,881 log Not Found: /favicon.ico
INFO 2024-12-04 11:19:46,883 basehttp - Broken pipe from ('127.0.0.1', 52374)
INFO 2024-12-04 11:22:51,052 autoreload C:\code\cours-django\django-project\env\project_blog\blog\views.py changed, reloading.
INFO 2024-12-04 11:22:53,058 autoreload Watching for file changes with StatReloader
INFO 2024-12-04 11:22:56,665 views Accès à la page d'accueil.
INFO 2024-12-04 11:22:56,805 basehttp "GET / HTTP/1.1" 200 5185
WARNING 2024-12-04 11:22:56,905 log Not Found: /favicon.ico
INFO 2024-12-04 11:22:56,907 basehttp - Broken pipe from ('127.0.0.1', 52466)
INFO 2024-12-04 11:22:58,485 views Accès à la liste des catégories.
INFO 2024-12-04 11:22:58,495 basehttp "GET /categories/ HTTP/1.1" 200 4689
WARNING 2024-12-04 11:22:58,586 log Not Found: /favicon.ico
INFO 2024-12-04 11:22:58,587 basehttp - Broken pipe from ('127.0.0.1', 52468)
INFO 2024-12-04 11:22:59,437 basehttp "GET /categories/create/ HTTP/1.1" 200 2465
INFO 2024-12-04 11:23:06,034 views Catégorie créée : Cuisine (slug: cuisine)
INFO 2024-12-04 11:23:06,035 basehttp "POST /categories/create/ HTTP/1.1" 302 0
INFO 2024-12-04 11:23:06,153 views Accès à la liste des catégories.
INFO 2024-12-04 11:23:06,160 basehttp "GET /categories/ HTTP/1.1" 200 5465
INFO 2024-12-04 11:23:29,663 views Accès à la page d'accueil.
INFO 2024-12-04 11:23:29,792 basehttp "GET / HTTP/1.1" 200 5185
WARNING 2024-12-04 11:23:30,003 log Not Found: /favicon.ico
INFO 2024-12-04 11:23:30,005 basehttp - Broken pipe from ('127.0.0.1', 52470)
INFO 2024-12-04 11:23:30,777 basehttp "GET /post/quickkkkk/ HTTP/1.1" 200 3632
WARNING 2024-12-04 11:23:30,930 log Not Found: /favicon.ico
INFO 2024-12-04 11:23:30,932 basehttp - Broken pipe from ('127.0.0.1', 52476)
INFO 2024-12-04 11:23:32,443 views Accès à la liste des catégories.
INFO 2024-12-04 11:23:32,453 basehttp "GET /categories/ HTTP/1.1" 200 5465
INFO 2024-12-04 11:23:34,875 views Tentative de suppression de la catégorie ID 2.
INFO 2024-12-04 11:23:34,898 views Catégorie ID 2 supprimée avec succès.
INFO 2024-12-04 11:23:34,901 basehttp "POST /categories/delete/2/ HTTP/1.1" 302 0
INFO 2024-12-04 11:23:35,027 views Accès à la liste des catégories.
INFO 2024-12-04 11:23:35,035 basehttp "GET /categories/ HTTP/1.1" 200 4687
INFO 2024-12-04 11:23:36,359 views Accès à la page d'accueil.
INFO 2024-12-04 11:23:36,496 basehttp "GET / HTTP/1.1" 200 5185
WARNING 2024-12-04 11:23:36,654 log Not Found: /favicon.ico
INFO 2024-12-04 11:23:36,656 basehttp - Broken pipe from ('127.0.0.1', 52478)
INFO 2024-12-04 11:23:37,486 basehttp "GET /post/jhgfdsdfghgfd/ HTTP/1.1" 200 3431
INFO 2024-12-04 11:23:39,840 views Accès à la page d'accueil.
INFO 2024-12-04 11:23:39,955 basehttp "GET / HTTP/1.1" 200 5185
INFO 2024-12-04 11:23:41,598 basehttp "GET /post/gggggggggggggggg/ HTTP/1.1" 200 3627
WARNING 2024-12-04 11:23:41,708 log Not Found: /favicon.ico
INFO 2024-12-04 11:23:41,711 basehttp - Broken pipe from ('127.0.0.1', 52483)
INFO 2024-12-04 11:23:44,944 views Accès à la liste des catégories.
INFO 2024-12-04 11:23:44,955 basehttp "GET /categories/ HTTP/1.1" 200 4687
INFO 2024-12-04 11:23:46,343 basehttp "GET /categories/create/ HTTP/1.1" 200 2465
WARNING 2024-12-04 11:23:46,512 log Not Found: /favicon.ico
INFO 2024-12-04 11:23:46,515 basehttp - Broken pipe from ('127.0.0.1', 52489)
INFO 2024-12-04 11:23:52,115 views Catégorie créée : Vehicules (slug: vehicules)
INFO 2024-12-04 11:23:52,117 basehttp "POST /categories/create/ HTTP/1.1" 302 0
INFO 2024-12-04 11:23:52,246 views Accès à la liste des catégories.
INFO 2024-12-04 11:23:52,258 basehttp "GET /categories/ HTTP/1.1" 200 5467
INFO 2024-12-04 11:23:54,572 views Accès à la page d'accueil.
INFO 2024-12-04 11:23:54,714 basehttp "GET / HTTP/1.1" 200 5185
WARNING 2024-12-04 11:23:54,875 log Not Found: /favicon.ico
INFO 2024-12-04 11:23:54,877 basehttp - Broken pipe from ('127.0.0.1', 52492)
INFO 2024-12-04 11:23:57,193 basehttp "GET /post/jhgfdsdfghgfd/ HTTP/1.1" 200 3431
INFO 2024-12-04 11:23:58,380 views Accès à la page d'accueil.
INFO 2024-12-04 11:23:58,488 basehttp "GET / HTTP/1.1" 200 5185
WARNING 2024-12-04 11:23:58,584 log Not Found: /favicon.ico
INFO 2024-12-04 11:23:58,586 basehttp - Broken pipe from ('127.0.0.1', 52498)
INFO 2024-12-04 11:23:59,867 basehttp "GET /post-form/ HTTP/1.1" 200 3725
INFO 2024-12-04 11:24:06,102 views Requête POST reçue pour créer un post.
INFO 2024-12-04 11:24:06,118 views Post créé avec succès : zadefnh,j;,hngbf par mathieu.
INFO 2024-12-04 11:24:06,120 basehttp "POST /post-form/ HTTP/1.1" 302 0
INFO 2024-12-04 11:24:06,135 views Accès à la page d'accueil.
INFO 2024-12-04 11:24:06,369 basehttp "GET / HTTP/1.1" 200 5638
INFO 2024-12-04 11:24:08,365 basehttp "GET /post/zadefnhjhngbf/ HTTP/1.1" 200 3433
INFO 2024-12-04 11:24:10,597 views Accès à la page d'accueil.
INFO 2024-12-04 11:24:10,737 basehttp "GET / HTTP/1.1" 200 5638
INFO 2024-12-04 11:28:48,237 basehttp "GET /post/jhgfdsdfghgfd/ HTTP/1.1" 200 3431
WARNING 2024-12-04 11:28:48,493 log Not Found: /favicon.ico
INFO 2024-12-04 11:28:48,495 basehttp - Broken pipe from ('127.0.0.1', 52607)
INFO 2024-12-04 11:28:54,155 views Accès à la page d'accueil.
INFO 2024-12-04 11:28:54,313 basehttp "GET / HTTP/1.1" 200 5638
WARNING 2024-12-04 11:28:54,481 log Not Found: /favicon.ico
INFO 2024-12-04 11:28:54,483 basehttp - Broken pipe from ('127.0.0.1', 52609)
INFO 2024-12-04 11:28:55,756 basehttp "GET /post/jghfd/ HTTP/1.1" 200 3437
WARNING 2024-12-04 11:28:55,864 log Not Found: /favicon.ico
INFO 2024-12-04 11:28:55,866 basehttp - Broken pipe from ('127.0.0.1', 52611)
INFO 2024-12-04 11:28:56,691 views Accès à la page d'accueil.
INFO 2024-12-04 11:28:56,831 basehttp "GET / HTTP/1.1" 200 5638
INFO 2024-12-04 11:29:06,814 basehttp "GET /post/quickkkkk/ HTTP/1.1" 200 3627
WARNING 2024-12-04 11:29:07,986 log Not Found: /favicon.ico
INFO 2024-12-04 11:29:07,988 basehttp - Broken pipe from ('127.0.0.1', 52614)
INFO 2024-12-04 11:29:08,792 basehttp "GET /post/quickkkkk/ HTTP/1.1" 200 3627
INFO 2024-12-04 11:29:10,316 views Accès à la page d'accueil.
INFO 2024-12-04 11:29:10,462 basehttp "GET / HTTP/1.1" 200 5638
INFO 2024-12-04 11:29:11,223 basehttp "GET /post/hello/ HTTP/1.1" 200 3452
INFO 2024-12-04 11:29:12,397 views Accès à la page d'accueil.
INFO 2024-12-04 11:29:12,522 basehttp "GET / HTTP/1.1" 200 5638
INFO 2024-12-04 11:29:13,278 basehttp "GET /post/gggggggggggggggg/ HTTP/1.1" 200 3627
INFO 2024-12-04 11:29:14,436 views Accès à la page d'accueil.
INFO 2024-12-04 11:29:14,552 basehttp "GET / HTTP/1.1" 200 5638
WARNING 2024-12-04 11:29:14,649 log Not Found: /favicon.ico
INFO 2024-12-04 11:29:14,651 basehttp - Broken pipe from ('127.0.0.1', 52618)
INFO 2024-12-04 11:29:15,745 basehttp "GET /post/zadefnhjhngbf/ HTTP/1.1" 200 3433
INFO 2024-12-04 11:29:16,834 views Accès à la page d'accueil.
INFO 2024-12-04 11:29:16,952 basehttp "GET / HTTP/1.1" 200 5638
INFO 2024-12-04 11:34:51,025 autoreload C:\code\cours-django\django-project\env\project_blog\project_blog\settings.py changed, reloading.
INFO 2024-12-04 11:34:52,151 autoreload Watching for file changes with StatReloader
INFO 2024-12-04 12:38:48,203 basehttp "GET /post/gggggggggggggggg/ HTTP/1.1" 200 3627
WARNING 2024-12-04 12:38:48,351 log Not Found: /favicon.ico
INFO 2024-12-04 12:38:48,353 basehttp - Broken pipe from ('127.0.0.1', 61227)
INFO 2024-12-04 12:38:49,392 views Accès à la page d'accueil.
INFO 2024-12-04 12:38:49,598 basehttp "GET / HTTP/1.1" 200 5638
WARNING 2024-12-04 12:38:49,700 log Not Found: /favicon.ico
INFO 2024-12-04 12:38:49,701 basehttp - Broken pipe from ('127.0.0.1', 61229)
INFO 2024-12-04 12:43:14,065 views Accès à la liste des catégories.
INFO 2024-12-04 12:43:14,078 basehttp "GET /categories/ HTTP/1.1" 200 5467
INFO 2024-12-04 12:43:20,938 basehttp "GET /categories/create/ HTTP/1.1" 200 2465
INFO 2024-12-04 12:43:22,689 views Accès à la page d'accueil.
INFO 2024-12-04 12:43:22,841 basehttp "GET / HTTP/1.1" 200 5638
INFO 2024-12-04 12:43:44,521 basehttp "GET /post/admin/ HTTP/1.1" 200 3412
INFO 2024-12-04 12:43:50,002 views Accès à la page d'accueil.
INFO 2024-12-04 12:43:50,147 basehttp "GET / HTTP/1.1" 200 5638
INFO 2024-12-04 12:43:51,518 views Accès à la liste des catégories.
INFO 2024-12-04 12:43:51,525 basehttp "GET /categories/ HTTP/1.1" 200 5467
INFO 2024-12-04 12:43:55,293 views Accès à la modification de la catégorie ID 3.
INFO 2024-12-04 12:43:55,303 basehttp "GET /categories/edit/3/ HTTP/1.1" 200 2346
INFO 2024-12-04 13:40:39,092 basehttp "GET /post/jhgfdsdfghgfd/ HTTP/1.1" 200 3431
WARNING 2024-12-04 13:40:39,301 log Not Found: /favicon.ico
INFO 2024-12-04 13:40:39,304 basehttp - Broken pipe from ('127.0.0.1', 53808)
INFO 2024-12-04 13:40:42,102 views Accès à la page d'accueil.
INFO 2024-12-04 13:40:42,242 basehttp "GET / HTTP/1.1" 200 5638
WARNING 2024-12-04 13:40:42,389 log Not Found: /favicon.ico
INFO 2024-12-04 13:40:42,392 basehttp - Broken pipe from ('127.0.0.1', 53810)
INFO 2024-12-04 13:42:26,012 basehttp "GET /post/hello/ HTTP/1.1" 200 3452
WARNING 2024-12-04 13:42:26,217 log Not Found: /favicon.ico
INFO 2024-12-04 13:42:26,219 basehttp - Broken pipe from ('127.0.0.1', 53818)
INFO 2024-12-04 13:42:28,260 views Accès à la page d'accueil.
INFO 2024-12-04 13:42:28,400 basehttp "GET / HTTP/1.1" 200 5638
WARNING 2024-12-04 13:42:28,562 log Not Found: /favicon.ico
INFO 2024-12-04 13:42:28,564 basehttp - Broken pipe from ('127.0.0.1', 53821)
INFO 2024-12-04 13:54:27,161 views Accès à la page d'accueil.
ERROR 2024-12-04 13:54:27,446 log Internal Server Error: /
Traceback (most recent call last):
  File "C:\code\cours-django\django-project\env\Lib\site-packages\django\template\base.py", line 510, in parse
    compile_func = self.tags[command]
                   ~~~~~~~~~^^^^^^^^^
KeyError: 'trans'

During handling of the above exception, another exception occurred:

Traceback (most recent call last):
  File "C:\code\cours-django\django-project\env\Lib\site-packages\django\core\handlers\exception.py", line 55, in inner
    response = get_response(request)
  File "C:\code\cours-django\django-project\env\Lib\site-packages\django\core\handlers\base.py", line 197, in _get_response
    response = wrapped_callback(request, *callback_args, **callback_kwargs)
  File "C:\code\cours-django\django-project\env\project_blog\blog\views.py", line 18, in home
    return render(request, 'blog/home.html', {'posts': posts})
  File "C:\code\cours-django\django-project\env\Lib\site-packages\django\shortcuts.py", line 25, in render
    content = loader.render_to_string(template_name, context, request, using=using)
  File "C:\code\cours-django\django-project\env\Lib\site-packages\django\template\loader.py", line 61, in render_to_string
    template = get_template(template_name, using=using)
  File "C:\code\cours-django\django-project\env\Lib\site-packages\django\template\loader.py", line 15, in get_template
    return engine.get_template(template_name)
           ~~~~~~~~~~~~~~~~~~~^^^^^^^^^^^^^^^
  File "C:\code\cours-django\django-project\env\Lib\site-packages\django\template\backends\django.py", line 79, in get_template
    return Template(self.engine.get_template(template_name), self)
                    ~~~~~~~~~~~~~~~~~~~~~~~~^^^^^^^^^^^^^^^
  File "C:\code\cours-django\django-project\env\Lib\site-packages\django\template\engine.py", line 177, in get_template
    template, origin = self.find_template(template_name)
                       ~~~~~~~~~~~~~~~~~~^^^^^^^^^^^^^^^
  File "C:\code\cours-django\django-project\env\Lib\site-packages\django\template\engine.py", line 159, in find_template
    template = loader.get_template(name, skip=skip)
  File "C:\code\cours-django\django-project\env\Lib\site-packages\django\template\loaders\cached.py", line 57, in get_template
    template = super().get_template(template_name, skip)
  File "C:\code\cours-django\django-project\env\Lib\site-packages\django\template\loaders\base.py", line 28, in get_template
    return Template(
        contents,
    ...<2 lines>...
        self.engine,
    )
  File "C:\code\cours-django\django-project\env\Lib\site-packages\django\template\base.py", line 154, in __init__
    self.nodelist = self.compile_nodelist()
                    ~~~~~~~~~~~~~~~~~~~~~^^
  File "C:\code\cours-django\django-project\env\Lib\site-packages\django\template\base.py", line 196, in compile_nodelist
    nodelist = parser.parse()
  File "C:\code\cours-django\django-project\env\Lib\site-packages\django\template\base.py", line 512, in parse
    self.invalid_block_tag(token, command, parse_until)
    ~~~~~~~~~~~~~~~~~~~~~~^^^^^^^^^^^^^^^^^^^^^^^^^^^^^
  File "C:\code\cours-django\django-project\env\Lib\site-packages\django\template\base.py", line 573, in invalid_block_tag
    raise self.error(
    ...<3 lines>...
    )
django.template.exceptions.TemplateSyntaxError: Invalid block tag on line 7: 'trans'. Did you forget to register or load this tag?
ERROR 2024-12-04 13:54:27,458 basehttp "GET / HTTP/1.1" 500 161447
WARNING 2024-12-04 13:54:27,653 log Not Found: /favicon.ico
INFO 2024-12-04 13:54:27,659 basehttp - Broken pipe from ('127.0.0.1', 53896)
INFO 2024-12-04 13:54:31,663 views Accès à la page d'accueil.
ERROR 2024-12-04 13:54:31,822 log Internal Server Error: /
Traceback (most recent call last):
  File "C:\code\cours-django\django-project\env\Lib\site-packages\django\template\base.py", line 510, in parse
    compile_func = self.tags[command]
                   ~~~~~~~~~^^^^^^^^^
KeyError: 'trans'

During handling of the above exception, another exception occurred:

Traceback (most recent call last):
  File "C:\code\cours-django\django-project\env\Lib\site-packages\django\core\handlers\exception.py", line 55, in inner
    response = get_response(request)
  File "C:\code\cours-django\django-project\env\Lib\site-packages\django\core\handlers\base.py", line 197, in _get_response
    response = wrapped_callback(request, *callback_args, **callback_kwargs)
  File "C:\code\cours-django\django-project\env\project_blog\blog\views.py", line 18, in home
    return render(request, 'blog/home.html', {'posts': posts})
  File "C:\code\cours-django\django-project\env\Lib\site-packages\django\shortcuts.py", line 25, in render
    content = loader.render_to_string(template_name, context, request, using=using)
  File "C:\code\cours-django\django-project\env\Lib\site-packages\django\template\loader.py", line 61, in render_to_string
    template = get_template(template_name, using=using)
  File "C:\code\cours-django\django-project\env\Lib\site-packages\django\template\loader.py", line 15, in get_template
    return engine.get_template(template_name)
           ~~~~~~~~~~~~~~~~~~~^^^^^^^^^^^^^^^
  File "C:\code\cours-django\django-project\env\Lib\site-packages\django\template\backends\django.py", line 79, in get_template
    return Template(self.engine.get_template(template_name), self)
                    ~~~~~~~~~~~~~~~~~~~~~~~~^^^^^^^^^^^^^^^
  File "C:\code\cours-django\django-project\env\Lib\site-packages\django\template\engine.py", line 177, in get_template
    template, origin = self.find_template(template_name)
                       ~~~~~~~~~~~~~~~~~~^^^^^^^^^^^^^^^
  File "C:\code\cours-django\django-project\env\Lib\site-packages\django\template\engine.py", line 159, in find_template
    template = loader.get_template(name, skip=skip)
  File "C:\code\cours-django\django-project\env\Lib\site-packages\django\template\loaders\cached.py", line 57, in get_template
    template = super().get_template(template_name, skip)
  File "C:\code\cours-django\django-project\env\Lib\site-packages\django\template\loaders\base.py", line 28, in get_template
    return Template(
        contents,
    ...<2 lines>...
        self.engine,
    )
  File "C:\code\cours-django\django-project\env\Lib\site-packages\django\template\base.py", line 154, in __init__
    self.nodelist = self.compile_nodelist()
                    ~~~~~~~~~~~~~~~~~~~~~^^
  File "C:\code\cours-django\django-project\env\Lib\site-packages\django\template\base.py", line 196, in compile_nodelist
    nodelist = parser.parse()
  File "C:\code\cours-django\django-project\env\Lib\site-packages\django\template\base.py", line 512, in parse
    self.invalid_block_tag(token, command, parse_until)
    ~~~~~~~~~~~~~~~~~~~~~~^^^^^^^^^^^^^^^^^^^^^^^^^^^^^
  File "C:\code\cours-django\django-project\env\Lib\site-packages\django\template\base.py", line 573, in invalid_block_tag
    raise self.error(
    ...<3 lines>...
    )
django.template.exceptions.TemplateSyntaxError: Invalid block tag on line 7: 'trans'. Did you forget to register or load this tag?
ERROR 2024-12-04 13:54:31,829 basehttp "GET / HTTP/1.1" 500 161316
WARNING 2024-12-04 13:54:31,951 log Not Found: /favicon.ico
INFO 2024-12-04 13:54:31,952 basehttp - Broken pipe from ('127.0.0.1', 53898)
INFO 2024-12-04 13:56:04,617 views Accès à la page d'accueil.
ERROR 2024-12-04 13:56:04,840 log Internal Server Error: /
Traceback (most recent call last):
  File "C:\code\cours-django\django-project\env\Lib\site-packages\django\template\base.py", line 510, in parse
    compile_func = self.tags[command]
                   ~~~~~~~~~^^^^^^^^^
KeyError: 'trans'

During handling of the above exception, another exception occurred:

Traceback (most recent call last):
  File "C:\code\cours-django\django-project\env\Lib\site-packages\django\core\handlers\exception.py", line 55, in inner
    response = get_response(request)
  File "C:\code\cours-django\django-project\env\Lib\site-packages\django\core\handlers\base.py", line 197, in _get_response
    response = wrapped_callback(request, *callback_args, **callback_kwargs)
  File "C:\code\cours-django\django-project\env\project_blog\blog\views.py", line 18, in home
    return render(request, 'blog/home.html', {'posts': posts})
  File "C:\code\cours-django\django-project\env\Lib\site-packages\django\shortcuts.py", line 25, in render
    content = loader.render_to_string(template_name, context, request, using=using)
  File "C:\code\cours-django\django-project\env\Lib\site-packages\django\template\loader.py", line 61, in render_to_string
    template = get_template(template_name, using=using)
  File "C:\code\cours-django\django-project\env\Lib\site-packages\django\template\loader.py", line 15, in get_template
    return engine.get_template(template_name)
           ~~~~~~~~~~~~~~~~~~~^^^^^^^^^^^^^^^
  File "C:\code\cours-django\django-project\env\Lib\site-packages\django\template\backends\django.py", line 79, in get_template
    return Template(self.engine.get_template(template_name), self)
                    ~~~~~~~~~~~~~~~~~~~~~~~~^^^^^^^^^^^^^^^
  File "C:\code\cours-django\django-project\env\Lib\site-packages\django\template\engine.py", line 177, in get_template
    template, origin = self.find_template(template_name)
                       ~~~~~~~~~~~~~~~~~~^^^^^^^^^^^^^^^
  File "C:\code\cours-django\django-project\env\Lib\site-packages\django\template\engine.py", line 159, in find_template
    template = loader.get_template(name, skip=skip)
  File "C:\code\cours-django\django-project\env\Lib\site-packages\django\template\loaders\cached.py", line 57, in get_template
    template = super().get_template(template_name, skip)
  File "C:\code\cours-django\django-project\env\Lib\site-packages\django\template\loaders\base.py", line 28, in get_template
    return Template(
        contents,
    ...<2 lines>...
        self.engine,
    )
  File "C:\code\cours-django\django-project\env\Lib\site-packages\django\template\base.py", line 154, in __init__
    self.nodelist = self.compile_nodelist()
                    ~~~~~~~~~~~~~~~~~~~~~^^
  File "C:\code\cours-django\django-project\env\Lib\site-packages\django\template\base.py", line 196, in compile_nodelist
    nodelist = parser.parse()
  File "C:\code\cours-django\django-project\env\Lib\site-packages\django\template\base.py", line 512, in parse
    self.invalid_block_tag(token, command, parse_until)
    ~~~~~~~~~~~~~~~~~~~~~~^^^^^^^^^^^^^^^^^^^^^^^^^^^^^
  File "C:\code\cours-django\django-project\env\Lib\site-packages\django\template\base.py", line 573, in invalid_block_tag
    raise self.error(
    ...<3 lines>...
    )
django.template.exceptions.TemplateSyntaxError: Invalid block tag on line 7: 'trans'. Did you forget to register or load this tag?
ERROR 2024-12-04 13:56:04,847 basehttp "GET / HTTP/1.1" 500 161912
WARNING 2024-12-04 13:56:05,007 log Not Found: /favicon.ico
INFO 2024-12-04 13:56:05,008 basehttp - Broken pipe from ('127.0.0.1', 53903)
INFO 2024-12-04 13:56:16,346 views Accès à la page d'accueil.
INFO 2024-12-04 13:56:16,435 basehttp "GET / HTTP/1.1" 200 5617
WARNING 2024-12-04 13:56:16,532 log Not Found: /favicon.ico
INFO 2024-12-04 13:56:16,533 basehttp - Broken pipe from ('127.0.0.1', 53906)
INFO 2024-12-04 13:58:29,963 autoreload C:\code\cours-django\django-project\env\project_blog\project_blog\settings.py changed, reloading.
INFO 2024-12-04 13:58:31,411 autoreload Watching for file changes with StatReloader
INFO 2024-12-04 13:58:46,243 views Accès à la page d'accueil.
ERROR 2024-12-04 13:58:46,470 log Internal Server Error: /
Traceback (most recent call last):
  File "C:\code\cours-django\django-project\env\Lib\site-packages\django\core\handlers\exception.py", line 55, in inner
    response = get_response(request)
  File "C:\code\cours-django\django-project\env\Lib\site-packages\django\core\handlers\base.py", line 197, in _get_response
    response = wrapped_callback(request, *callback_args, **callback_kwargs)
  File "C:\code\cours-django\django-project\env\project_blog\blog\views.py", line 18, in home
    return render(request, 'blog/home.html', {'posts': posts})
  File "C:\code\cours-django\django-project\env\Lib\site-packages\django\shortcuts.py", line 25, in render
    content = loader.render_to_string(template_name, context, request, using=using)
  File "C:\code\cours-django\django-project\env\Lib\site-packages\django\template\loader.py", line 62, in render_to_string
    return template.render(context, request)
           ~~~~~~~~~~~~~~~^^^^^^^^^^^^^^^^^^
  File "C:\code\cours-django\django-project\env\Lib\site-packages\django\template\backends\django.py", line 107, in render
    return self.template.render(context)
           ~~~~~~~~~~~~~~~~~~~~^^^^^^^^^
  File "C:\code\cours-django\django-project\env\Lib\site-packages\django\template\base.py", line 171, in render
    return self._render(context)
           ~~~~~~~~~~~~^^^^^^^^^
  File "C:\code\cours-django\django-project\env\Lib\site-packages\django\template\base.py", line 163, in _render
    return self.nodelist.render(context)
           ~~~~~~~~~~~~~~~~~~~~^^^^^^^^^
  File "C:\code\cours-django\django-project\env\Lib\site-packages\django\template\base.py", line 1008, in render
    return SafeString("".join([node.render_annotated(context) for node in self]))
                               ~~~~~~~~~~~~~~~~~~~~~^^^^^^^^^
  File "C:\code\cours-django\django-project\env\Lib\site-packages\django\template\base.py", line 969, in render_annotated
    return self.render(context)
           ~~~~~~~~~~~^^^^^^^^^
  File "C:\code\cours-django\django-project\env\Lib\site-packages\django\template\defaulttags.py", line 480, in render
    url = reverse(view_name, args=args, kwargs=kwargs, current_app=current_app)
  File "C:\code\cours-django\django-project\env\Lib\site-packages\django\urls\base.py", line 88, in reverse
    return resolver._reverse_with_prefix(view, prefix, *args, **kwargs)
           ~~~~~~~~~~~~~~~~~~~~~~~~~~~~~^^^^^^^^^^^^^^^^^^^^^^^^^^^^^^^
  File "C:\code\cours-django\django-project\env\Lib\site-packages\django\urls\resolvers.py", line 831, in _reverse_with_prefix
    raise NoReverseMatch(msg)
django.urls.exceptions.NoReverseMatch: Reverse for 'set_language' not found. 'set_language' is not a valid view function or pattern name.
ERROR 2024-12-04 13:58:46,481 basehttp "GET / HTTP/1.1" 500 119482
WARNING 2024-12-04 13:58:46,620 log Not Found: /favicon.ico
INFO 2024-12-04 13:58:46,622 basehttp - Broken pipe from ('127.0.0.1', 53923)
INFO 2024-12-04 13:59:25,802 views Accès à la page d'accueil.
INFO 2024-12-04 13:59:25,952 basehttp "GET / HTTP/1.1" 200 5617
WARNING 2024-12-04 13:59:26,140 log Not Found: /favicon.ico
INFO 2024-12-04 13:59:26,141 basehttp - Broken pipe from ('127.0.0.1', 53929)
INFO 2024-12-04 13:59:38,037 views Accès à la page d'accueil.
INFO 2024-12-04 13:59:38,174 basehttp "GET /?lang=fr HTTP/1.1" 200 5617
INFO 2024-12-04 14:00:55,669 views Accès à la page d'accueil.
ERROR 2024-12-04 14:00:55,824 log Internal Server Error: /
Traceback (most recent call last):
  File "C:\code\cours-django\django-project\env\Lib\site-packages\django\core\handlers\exception.py", line 55, in inner
    response = get_response(request)
  File "C:\code\cours-django\django-project\env\Lib\site-packages\django\core\handlers\base.py", line 197, in _get_response
    response = wrapped_callback(request, *callback_args, **callback_kwargs)
  File "C:\code\cours-django\django-project\env\project_blog\blog\views.py", line 18, in home
    return render(request, 'blog/home.html', {'posts': posts})
  File "C:\code\cours-django\django-project\env\Lib\site-packages\django\shortcuts.py", line 25, in render
    content = loader.render_to_string(template_name, context, request, using=using)
  File "C:\code\cours-django\django-project\env\Lib\site-packages\django\template\loader.py", line 62, in render_to_string
    return template.render(context, request)
           ~~~~~~~~~~~~~~~^^^^^^^^^^^^^^^^^^
  File "C:\code\cours-django\django-project\env\Lib\site-packages\django\template\backends\django.py", line 107, in render
    return self.template.render(context)
           ~~~~~~~~~~~~~~~~~~~~^^^^^^^^^
  File "C:\code\cours-django\django-project\env\Lib\site-packages\django\template\base.py", line 171, in render
    return self._render(context)
           ~~~~~~~~~~~~^^^^^^^^^
  File "C:\code\cours-django\django-project\env\Lib\site-packages\django\template\base.py", line 163, in _render
    return self.nodelist.render(context)
           ~~~~~~~~~~~~~~~~~~~~^^^^^^^^^
  File "C:\code\cours-django\django-project\env\Lib\site-packages\django\template\base.py", line 1008, in render
    return SafeString("".join([node.render_annotated(context) for node in self]))
                               ~~~~~~~~~~~~~~~~~~~~~^^^^^^^^^
  File "C:\code\cours-django\django-project\env\Lib\site-packages\django\template\base.py", line 969, in render_annotated
    return self.render(context)
           ~~~~~~~~~~~^^^^^^^^^
  File "C:\code\cours-django\django-project\env\Lib\site-packages\django\template\defaulttags.py", line 480, in render
    url = reverse(view_name, args=args, kwargs=kwargs, current_app=current_app)
  File "C:\code\cours-django\django-project\env\Lib\site-packages\django\urls\base.py", line 88, in reverse
    return resolver._reverse_with_prefix(view, prefix, *args, **kwargs)
           ~~~~~~~~~~~~~~~~~~~~~~~~~~~~~^^^^^^^^^^^^^^^^^^^^^^^^^^^^^^^
  File "C:\code\cours-django\django-project\env\Lib\site-packages\django\urls\resolvers.py", line 831, in _reverse_with_prefix
    raise NoReverseMatch(msg)
django.urls.exceptions.NoReverseMatch: Reverse for 'set_language' not found. 'set_language' is not a valid view function or pattern name.
ERROR 2024-12-04 14:00:55,830 basehttp "GET /?lang=fr HTTP/1.1" 500 120185
WARNING 2024-12-04 14:00:55,993 log Not Found: /favicon.ico
INFO 2024-12-04 14:00:55,995 basehttp - Broken pipe from ('127.0.0.1', 53932)
INFO 2024-12-04 14:01:39,761 autoreload C:\code\cours-django\django-project\env\project_blog\project_blog\settings.py changed, reloading.
INFO 2024-12-04 14:02:02,351 autoreload Watching for file changes with StatReloader
INFO 2024-12-04 14:02:05,101 views Accès à la page d'accueil.
ERROR 2024-12-04 14:02:05,235 log Internal Server Error: /
Traceback (most recent call last):
  File "C:\code\cours-django\django-project\env\Lib\site-packages\django\core\handlers\exception.py", line 55, in inner
    response = get_response(request)
  File "C:\code\cours-django\django-project\env\Lib\site-packages\django\core\handlers\base.py", line 197, in _get_response
    response = wrapped_callback(request, *callback_args, **callback_kwargs)
  File "C:\code\cours-django\django-project\env\project_blog\blog\views.py", line 18, in home
    return render(request, 'blog/home.html', {'posts': posts})
  File "C:\code\cours-django\django-project\env\Lib\site-packages\django\shortcuts.py", line 25, in render
    content = loader.render_to_string(template_name, context, request, using=using)
  File "C:\code\cours-django\django-project\env\Lib\site-packages\django\template\loader.py", line 62, in render_to_string
    return template.render(context, request)
           ~~~~~~~~~~~~~~~^^^^^^^^^^^^^^^^^^
  File "C:\code\cours-django\django-project\env\Lib\site-packages\django\template\backends\django.py", line 107, in render
    return self.template.render(context)
           ~~~~~~~~~~~~~~~~~~~~^^^^^^^^^
  File "C:\code\cours-django\django-project\env\Lib\site-packages\django\template\base.py", line 171, in render
    return self._render(context)
           ~~~~~~~~~~~~^^^^^^^^^
  File "C:\code\cours-django\django-project\env\Lib\site-packages\django\template\base.py", line 163, in _render
    return self.nodelist.render(context)
           ~~~~~~~~~~~~~~~~~~~~^^^^^^^^^
  File "C:\code\cours-django\django-project\env\Lib\site-packages\django\template\base.py", line 1008, in render
    return SafeString("".join([node.render_annotated(context) for node in self]))
                               ~~~~~~~~~~~~~~~~~~~~~^^^^^^^^^
  File "C:\code\cours-django\django-project\env\Lib\site-packages\django\template\base.py", line 969, in render_annotated
    return self.render(context)
           ~~~~~~~~~~~^^^^^^^^^
  File "C:\code\cours-django\django-project\env\Lib\site-packages\django\template\defaulttags.py", line 480, in render
    url = reverse(view_name, args=args, kwargs=kwargs, current_app=current_app)
  File "C:\code\cours-django\django-project\env\Lib\site-packages\django\urls\base.py", line 88, in reverse
    return resolver._reverse_with_prefix(view, prefix, *args, **kwargs)
           ~~~~~~~~~~~~~~~~~~~~~~~~~~~~~^^^^^^^^^^^^^^^^^^^^^^^^^^^^^^^
  File "C:\code\cours-django\django-project\env\Lib\site-packages\django\urls\resolvers.py", line 831, in _reverse_with_prefix
    raise NoReverseMatch(msg)
django.urls.exceptions.NoReverseMatch: Reverse for 'set_language' not found. 'set_language' is not a valid view function or pattern name.
ERROR 2024-12-04 14:02:05,242 basehttp "GET /?lang=fr HTTP/1.1" 500 120182
WARNING 2024-12-04 14:02:05,333 log Not Found: /favicon.ico
INFO 2024-12-04 14:02:05,334 basehttp - Broken pipe from ('127.0.0.1', 53945)
INFO 2024-12-04 14:02:07,280 views Accès à la page d'accueil.
ERROR 2024-12-04 14:02:07,426 log Internal Server Error: /
Traceback (most recent call last):
  File "C:\code\cours-django\django-project\env\Lib\site-packages\django\core\handlers\exception.py", line 55, in inner
    response = get_response(request)
  File "C:\code\cours-django\django-project\env\Lib\site-packages\django\core\handlers\base.py", line 197, in _get_response
    response = wrapped_callback(request, *callback_args, **callback_kwargs)
  File "C:\code\cours-django\django-project\env\project_blog\blog\views.py", line 18, in home
    return render(request, 'blog/home.html', {'posts': posts})
  File "C:\code\cours-django\django-project\env\Lib\site-packages\django\shortcuts.py", line 25, in render
    content = loader.render_to_string(template_name, context, request, using=using)
  File "C:\code\cours-django\django-project\env\Lib\site-packages\django\template\loader.py", line 62, in render_to_string
    return template.render(context, request)
           ~~~~~~~~~~~~~~~^^^^^^^^^^^^^^^^^^
  File "C:\code\cours-django\django-project\env\Lib\site-packages\django\template\backends\django.py", line 107, in render
    return self.template.render(context)
           ~~~~~~~~~~~~~~~~~~~~^^^^^^^^^
  File "C:\code\cours-django\django-project\env\Lib\site-packages\django\template\base.py", line 171, in render
    return self._render(context)
           ~~~~~~~~~~~~^^^^^^^^^
  File "C:\code\cours-django\django-project\env\Lib\site-packages\django\template\base.py", line 163, in _render
    return self.nodelist.render(context)
           ~~~~~~~~~~~~~~~~~~~~^^^^^^^^^
  File "C:\code\cours-django\django-project\env\Lib\site-packages\django\template\base.py", line 1008, in render
    return SafeString("".join([node.render_annotated(context) for node in self]))
                               ~~~~~~~~~~~~~~~~~~~~~^^^^^^^^^
  File "C:\code\cours-django\django-project\env\Lib\site-packages\django\template\base.py", line 969, in render_annotated
    return self.render(context)
           ~~~~~~~~~~~^^^^^^^^^
  File "C:\code\cours-django\django-project\env\Lib\site-packages\django\template\defaulttags.py", line 480, in render
    url = reverse(view_name, args=args, kwargs=kwargs, current_app=current_app)
  File "C:\code\cours-django\django-project\env\Lib\site-packages\django\urls\base.py", line 88, in reverse
    return resolver._reverse_with_prefix(view, prefix, *args, **kwargs)
           ~~~~~~~~~~~~~~~~~~~~~~~~~~~~~^^^^^^^^^^^^^^^^^^^^^^^^^^^^^^^
  File "C:\code\cours-django\django-project\env\Lib\site-packages\django\urls\resolvers.py", line 831, in _reverse_with_prefix
    raise NoReverseMatch(msg)
django.urls.exceptions.NoReverseMatch: Reverse for 'set_language' not found. 'set_language' is not a valid view function or pattern name.
ERROR 2024-12-04 14:02:07,431 basehttp "GET /?lang=fr HTTP/1.1" 500 120182
WARNING 2024-12-04 14:02:07,553 log Not Found: /favicon.ico
INFO 2024-12-04 14:02:07,555 basehttp - Broken pipe from ('127.0.0.1', 53948)
INFO 2024-12-04 14:02:49,959 autoreload C:\code\cours-django\django-project\env\project_blog\project_blog\urls.py changed, reloading.
INFO 2024-12-04 14:02:51,005 autoreload Watching for file changes with StatReloader
INFO 2024-12-04 14:02:59,707 autoreload C:\code\cours-django\django-project\env\project_blog\project_blog\urls.py changed, reloading.
INFO 2024-12-04 14:03:00,780 autoreload Watching for file changes with StatReloader
INFO 2024-12-04 14:03:03,052 views Accès à la page d'accueil.
INFO 2024-12-04 14:03:03,204 basehttp "GET /?lang=fr HTTP/1.1" 200 3768
WARNING 2024-12-04 14:03:03,330 log Not Found: /favicon.ico
INFO 2024-12-04 14:03:03,332 basehttp - Broken pipe from ('127.0.0.1', 53956)
INFO 2024-12-04 14:03:14,462 views Accès à la page d'accueil.
INFO 2024-12-04 14:03:14,559 basehttp "GET /?lang=fr HTTP/1.1" 200 5625
WARNING 2024-12-04 14:03:14,666 log Not Found: /favicon.ico
INFO 2024-12-04 14:03:14,668 basehttp - Broken pipe from ('127.0.0.1', 53958)
INFO 2024-12-04 14:03:19,582 views Accès à la page d'accueil.
INFO 2024-12-04 14:03:19,683 basehttp "GET / HTTP/1.1" 200 5625
WARNING 2024-12-04 14:03:19,770 log Not Found: /favicon.ico
INFO 2024-12-04 14:03:19,772 basehttp - Broken pipe from ('127.0.0.1', 53962)
INFO 2024-12-04 14:03:45,519 views Accès à la page d'accueil.
INFO 2024-12-04 14:03:45,664 basehttp "GET /?lang=fr HTTP/1.1" 200 5625
WARNING 2024-12-04 14:03:45,829 log Not Found: /favicon.ico
INFO 2024-12-04 14:03:45,830 basehttp - Broken pipe from ('127.0.0.1', 53966)
INFO 2024-12-04 14:03:48,831 basehttp "GET /post/jhgfdsdfghgfd/ HTTP/1.1" 200 3431
WARNING 2024-12-04 14:03:48,983 log Not Found: /favicon.ico
INFO 2024-12-04 14:03:48,984 basehttp - Broken pipe from ('127.0.0.1', 53968)
INFO 2024-12-04 14:03:50,333 views Accès à la page d'accueil.
INFO 2024-12-04 14:03:50,467 basehttp "GET / HTTP/1.1" 200 5625
INFO 2024-12-04 14:04:55,966 views Accès à la page d'accueil.
INFO 2024-12-04 14:04:56,081 basehttp "GET / HTTP/1.1" 200 5692
WARNING 2024-12-04 14:04:56,164 log Not Found: /favicon.ico
INFO 2024-12-04 14:04:56,165 basehttp - Broken pipe from ('127.0.0.1', 53970)
INFO 2024-12-04 14:05:07,665 views Accès à la page d'accueil.
INFO 2024-12-04 14:05:07,796 basehttp "GET / HTTP/1.1" 200 6228
WARNING 2024-12-04 14:05:07,907 log Not Found: /favicon.ico
INFO 2024-12-04 14:05:07,908 basehttp - Broken pipe from ('127.0.0.1', 53978)
INFO 2024-12-04 14:05:10,389 basehttp "POST /set_language/ HTTP/1.1" 302 0
INFO 2024-12-04 14:05:10,406 views Accès à la page d'accueil.
INFO 2024-12-04 14:05:10,501 basehttp "GET / HTTP/1.1" 200 6228
INFO 2024-12-04 14:05:12,578 basehttp "POST /set_language/ HTTP/1.1" 302 0
INFO 2024-12-04 14:05:12,601 views Accès à la page d'accueil.
INFO 2024-12-04 14:05:12,684 basehttp "GET / HTTP/1.1" 200 6228
WARNING 2024-12-04 14:05:12,768 log Not Found: /favicon.ico
INFO 2024-12-04 14:05:12,769 basehttp - Broken pipe from ('127.0.0.1', 53980)
INFO 2024-12-04 14:05:22,938 basehttp "POST /set_language/ HTTP/1.1" 302 0
INFO 2024-12-04 14:05:22,957 views Accès à la page d'accueil.
INFO 2024-12-04 14:05:23,102 basehttp "GET / HTTP/1.1" 200 6228
INFO 2024-12-04 14:05:37,141 autoreload C:\code\cours-django\django-project\env\project_blog\project_blog\settings.py changed, reloading.
INFO 2024-12-04 14:05:38,368 autoreload Watching for file changes with StatReloader
INFO 2024-12-04 14:05:38,966 views Accès à la page d'accueil.
INFO 2024-12-04 14:05:39,135 basehttp "GET / HTTP/1.1" 200 6228
WARNING 2024-12-04 14:05:39,232 log Not Found: /favicon.ico
INFO 2024-12-04 14:05:39,233 basehttp - Broken pipe from ('127.0.0.1', 53990)
INFO 2024-12-04 14:05:40,833 basehttp "POST /set_language/ HTTP/1.1" 302 0
INFO 2024-12-04 14:05:40,850 views Accès à la page d'accueil.
INFO 2024-12-04 14:05:40,946 basehttp "GET / HTTP/1.1" 200 6228
WARNING 2024-12-04 14:05:41,032 log Not Found: /favicon.ico
INFO 2024-12-04 14:05:41,033 basehttp - Broken pipe from ('127.0.0.1', 53992)
INFO 2024-12-04 14:06:38,759 autoreload C:\code\cours-django\django-project\env\project_blog\project_blog\urls.py changed, reloading.
INFO 2024-12-04 14:06:39,844 autoreload Watching for file changes with StatReloader
INFO 2024-12-04 14:06:41,358 autoreload C:\code\cours-django\django-project\env\project_blog\project_blog\urls.py changed, reloading.
INFO 2024-12-04 14:06:42,551 autoreload Watching for file changes with StatReloader
INFO 2024-12-04 14:06:49,232 autoreload C:\code\cours-django\django-project\env\project_blog\project_blog\urls.py changed, reloading.
INFO 2024-12-04 14:06:50,226 autoreload Watching for file changes with StatReloader
INFO 2024-12-04 14:07:39,203 autoreload Watching for file changes with StatReloader
INFO 2024-12-04 14:10:21,160 autoreload Watching for file changes with StatReloader
INFO 2024-12-04 14:10:27,176 views Accès à la page d'accueil.
INFO 2024-12-04 14:10:27,278 basehttp "GET / HTTP/1.1" 200 6231
WARNING 2024-12-04 14:10:27,448 log Not Found: /favicon.ico
INFO 2024-12-04 14:10:27,448 basehttp - Broken pipe from ('127.0.0.1', 54044)
INFO 2024-12-04 14:10:29,495 basehttp "POST /fr/set_language/ HTTP/1.1" 302 0
INFO 2024-12-04 14:10:29,513 views Accès à la page d'accueil.
INFO 2024-12-04 14:10:29,717 basehttp "GET / HTTP/1.1" 200 6231
INFO 2024-12-04 14:10:31,160 basehttp "POST /fr/set_language/ HTTP/1.1" 302 0
INFO 2024-12-04 14:10:31,170 views Accès à la page d'accueil.
INFO 2024-12-04 14:10:31,249 basehttp "GET / HTTP/1.1" 200 6231
WARNING 2024-12-04 14:10:31,319 log Not Found: /favicon.ico
INFO 2024-12-04 14:10:31,320 basehttp - Broken pipe from ('127.0.0.1', 54046)
INFO 2024-12-04 14:10:32,307 basehttp "POST /fr/set_language/ HTTP/1.1" 302 0
INFO 2024-12-04 14:10:32,318 views Accès à la page d'accueil.
INFO 2024-12-04 14:10:32,405 basehttp "GET / HTTP/1.1" 200 6231
INFO 2024-12-04 14:12:24,308 autoreload C:\code\cours-django\django-project\env\project_blog\project_blog\settings.py changed, reloading.
INFO 2024-12-04 14:12:25,588 autoreload Watching for file changes with StatReloader
INFO 2024-12-04 14:12:26,961 views Accès à la page d'accueil.
INFO 2024-12-04 14:12:27,113 basehttp "GET / HTTP/1.1" 200 6175
WARNING 2024-12-04 14:12:27,214 log Not Found: /favicon.ico
INFO 2024-12-04 14:12:27,216 basehttp - Broken pipe from ('127.0.0.1', 54065)
INFO 2024-12-04 14:12:28,477 basehttp "POST /fr/set_language/ HTTP/1.1" 302 0
INFO 2024-12-04 14:12:28,485 views Accès à la page d'accueil.
INFO 2024-12-04 14:12:28,570 basehttp "GET / HTTP/1.1" 200 6175
WARNING 2024-12-04 14:12:28,649 log Not Found: /favicon.ico
INFO 2024-12-04 14:12:28,651 basehttp - Broken pipe from ('127.0.0.1', 54067)
INFO 2024-12-04 15:15:35,730 autoreload Watching for file changes with StatReloader
INFO 2024-12-04 15:15:39,126 views Accès à la page d'accueil.
INFO 2024-12-04 15:15:39,299 basehttp "GET / HTTP/1.1" 200 6175
WARNING 2024-12-04 15:15:39,532 log Not Found: /favicon.ico
INFO 2024-12-04 15:15:39,534 basehttp - Broken pipe from ('127.0.0.1', 55023)
INFO 2024-12-04 15:15:42,591 basehttp "GET /post/jhgfdsdfghgfd/ HTTP/1.1" 200 3431
WARNING 2024-12-04 15:15:42,681 log Not Found: /favicon.ico
INFO 2024-12-04 15:15:42,682 basehttp - Broken pipe from ('127.0.0.1', 55025)
INFO 2024-12-04 15:15:45,298 views Accès à la page d'accueil.
INFO 2024-12-04 15:15:45,408 basehttp "GET / HTTP/1.1" 200 6175
INFO 2024-12-04 15:15:54,861 basehttp "GET /post/admin/ HTTP/1.1" 200 3412
WARNING 2024-12-04 15:15:55,049 log Not Found: /favicon.ico
INFO 2024-12-04 15:15:55,051 basehttp - Broken pipe from ('127.0.0.1', 55029)
INFO 2024-12-04 15:15:56,117 views Accès à la page d'accueil.
INFO 2024-12-04 15:15:56,279 basehttp "GET / HTTP/1.1" 200 6175
WARNING 2024-12-04 15:15:56,463 log Not Found: /favicon.ico
INFO 2024-12-04 15:15:56,465 basehttp - Broken pipe from ('127.0.0.1', 55036)
INFO 2024-12-04 15:16:05,010 basehttp "GET /post/quickkkkk/ HTTP/1.1" 200 3627
INFO 2024-12-04 15:16:06,730 views Accès à la page d'accueil.
INFO 2024-12-04 15:16:06,842 basehttp "GET / HTTP/1.1" 200 6175
WARNING 2024-12-04 15:16:06,984 log Not Found: /favicon.ico
INFO 2024-12-04 15:16:06,988 basehttp - Broken pipe from ('127.0.0.1', 55040)
INFO 2024-12-04 15:16:51,359 basehttp "GET /post/jhgfdsdfghgfd/ HTTP/1.1" 200 3431
INFO 2024-12-04 15:16:52,315 views Accès à la page d'accueil.
INFO 2024-12-04 15:16:52,422 basehttp "GET / HTTP/1.1" 200 6175
WARNING 2024-12-04 15:16:52,521 log Not Found: /favicon.ico
INFO 2024-12-04 15:16:52,522 basehttp - Broken pipe from ('127.0.0.1', 55049)
INFO 2024-12-04 15:29:27,874 autoreload Watching for file changes with StatReloader
INFO 2024-12-04 15:29:29,831 views Accès à la page d'accueil.
INFO 2024-12-04 15:29:29,954 basehttp "GET / HTTP/1.1" 200 6175
WARNING 2024-12-04 15:29:30,096 log Not Found: /favicon.ico
INFO 2024-12-04 15:29:30,097 basehttp - Broken pipe from ('127.0.0.1', 55322)
INFO 2024-12-04 15:29:31,968 basehttp "POST /fr/set_language/ HTTP/1.1" 302 0
INFO 2024-12-04 15:29:31,982 views Accès à la page d'accueil.
INFO 2024-12-04 15:29:32,092 basehttp "GET / HTTP/1.1" 200 6175
WARNING 2024-12-04 15:29:32,215 log Not Found: /favicon.ico
INFO 2024-12-04 15:29:32,216 basehttp - Broken pipe from ('127.0.0.1', 55326)
INFO 2024-12-04 15:30:55,966 views Accès à la page d'accueil.
INFO 2024-12-04 15:30:56,037 basehttp "GET / HTTP/1.1" 200 6175
WARNING 2024-12-04 15:30:56,106 log Not Found: /favicon.ico
INFO 2024-12-04 15:30:56,107 basehttp - Broken pipe from ('127.0.0.1', 55341)
INFO 2024-12-04 15:30:58,191 basehttp "POST /fr/set_language/ HTTP/1.1" 302 0
INFO 2024-12-04 15:30:58,202 views Accès à la page d'accueil.
INFO 2024-12-04 15:30:58,284 basehttp "GET / HTTP/1.1" 200 6175
INFO 2024-12-04 15:30:59,710 basehttp "POST /fr/set_language/ HTTP/1.1" 302 0
INFO 2024-12-04 15:30:59,727 views Accès à la page d'accueil.
INFO 2024-12-04 15:30:59,819 basehttp "GET / HTTP/1.1" 200 6175
INFO 2024-12-04 15:31:08,702 views Accès à la page d'accueil.
INFO 2024-12-04 15:31:08,958 basehttp "GET / HTTP/1.1" 200 6175
INFO 2024-12-04 15:31:11,050 basehttp "POST /fr/set_language/ HTTP/1.1" 302 0
INFO 2024-12-04 15:31:11,060 views Accès à la page d'accueil.
INFO 2024-12-04 15:31:11,132 basehttp "GET / HTTP/1.1" 200 6175
WARNING 2024-12-04 15:31:11,199 log Not Found: /favicon.ico
INFO 2024-12-04 15:31:11,200 basehttp - Broken pipe from ('127.0.0.1', 55343)
INFO 2024-12-04 15:33:16,362 views Accès à la page d'accueil.
INFO 2024-12-04 15:33:16,446 basehttp "GET / HTTP/1.1" 200 6175
WARNING 2024-12-04 15:33:16,603 log Not Found: /favicon.ico
INFO 2024-12-04 15:33:16,604 basehttp - Broken pipe from ('127.0.0.1', 55358)
INFO 2024-12-04 15:33:17,812 basehttp "POST /fr/set_language/ HTTP/1.1" 302 0
INFO 2024-12-04 15:33:17,826 views Accès à la page d'accueil.
INFO 2024-12-04 15:33:17,947 basehttp "GET / HTTP/1.1" 200 6175
WARNING 2024-12-04 15:33:18,069 log Not Found: /favicon.ico
INFO 2024-12-04 15:33:18,070 basehttp - Broken pipe from ('127.0.0.1', 55361)
INFO 2024-12-04 15:33:19,461 basehttp "POST /fr/set_language/ HTTP/1.1" 302 0
INFO 2024-12-04 15:33:19,479 views Accès à la page d'accueil.
INFO 2024-12-04 15:33:19,575 basehttp "GET / HTTP/1.1" 200 6175
INFO 2024-12-04 15:33:53,643 autoreload C:\code\cours-django\django-project\env\project_blog\project_blog\settings.py changed, reloading.
INFO 2024-12-04 15:33:54,698 autoreload Watching for file changes with StatReloader
INFO 2024-12-04 15:33:56,049 views Accès à la page d'accueil.
INFO 2024-12-04 15:33:56,183 basehttp "GET / HTTP/1.1" 200 6175
INFO 2024-12-04 15:33:57,670 basehttp "POST /fr/set_language/ HTTP/1.1" 302 0
INFO 2024-12-04 15:33:57,683 views Accès à la page d'accueil.
INFO 2024-12-04 15:33:57,803 basehttp "GET / HTTP/1.1" 200 6175
WARNING 2024-12-04 15:33:57,915 log Not Found: /favicon.ico
INFO 2024-12-04 15:33:57,917 basehttp - Broken pipe from ('127.0.0.1', 55377)
INFO 2024-12-04 15:33:58,971 basehttp "POST /fr/set_language/ HTTP/1.1" 302 0
INFO 2024-12-04 15:33:58,981 views Accès à la page d'accueil.
INFO 2024-12-04 15:33:59,060 basehttp "GET / HTTP/1.1" 200 6175
INFO 2024-12-04 15:34:03,923 autoreload C:\code\cours-django\django-project\env\project_blog\project_blog\settings.py changed, reloading.
INFO 2024-12-04 15:34:05,029 autoreload Watching for file changes with StatReloader
INFO 2024-12-04 15:37:58,073 views Accès à la page d'accueil.
INFO 2024-12-04 15:37:58,207 basehttp "GET / HTTP/1.1" 200 6201
WARNING 2024-12-04 15:37:58,316 log Not Found: /favicon.ico
INFO 2024-12-04 15:37:58,319 basehttp - Broken pipe from ('127.0.0.1', 55405)
INFO 2024-12-04 15:38:01,277 basehttp "POST /fr/set_language/ HTTP/1.1" 302 0
INFO 2024-12-04 15:38:01,297 views Accès à la page d'accueil.
INFO 2024-12-04 15:38:01,399 basehttp "GET / HTTP/1.1" 200 6201
WARNING 2024-12-04 15:38:01,477 log Not Found: /favicon.ico
INFO 2024-12-04 15:38:01,478 basehttp - Broken pipe from ('127.0.0.1', 55407)
INFO 2024-12-04 15:38:03,639 basehttp "POST /fr/set_language/ HTTP/1.1" 302 0
INFO 2024-12-04 15:38:03,653 views Accès à la page d'accueil.
INFO 2024-12-04 15:38:03,865 basehttp "GET / HTTP/1.1" 200 6201
INFO 2024-12-04 15:38:12,466 autoreload C:\code\cours-django\django-project\env\project_blog\project_blog\settings.py changed, reloading.
INFO 2024-12-04 15:38:14,107 autoreload Watching for file changes with StatReloader
INFO 2024-12-04 15:38:14,475 views Accès à la page d'accueil.
INFO 2024-12-04 15:38:14,624 basehttp "GET / HTTP/1.1" 200 6201
WARNING 2024-12-04 15:38:14,733 log Not Found: /favicon.ico
INFO 2024-12-04 15:38:14,735 basehttp - Broken pipe from ('127.0.0.1', 55415)
INFO 2024-12-04 15:38:15,319 views Accès à la page d'accueil.
INFO 2024-12-04 15:38:15,429 basehttp "GET / HTTP/1.1" 200 6201
INFO 2024-12-04 15:38:24,974 basehttp "GET /post/jhgfdsdfghgfd/ HTTP/1.1" 200 3431
INFO 2024-12-04 15:38:29,351 autoreload C:\code\cours-django\django-project\env\project_blog\project_blog\settings.py changed, reloading.
INFO 2024-12-04 15:38:30,338 autoreload Watching for file changes with StatReloader
INFO 2024-12-04 15:38:41,333 basehttp "POST /fr/set_language/ HTTP/1.1" 302 0
INFO 2024-12-04 15:38:41,344 views Accès à la page d'accueil.
INFO 2024-12-04 15:38:41,500 basehttp "GET / HTTP/1.1" 200 6201
WARNING 2024-12-04 15:38:41,624 log Not Found: /favicon.ico
INFO 2024-12-04 15:38:41,625 basehttp - Broken pipe from ('127.0.0.1', 55427)
INFO 2024-12-04 15:38:42,607 basehttp "POST /fr/set_language/ HTTP/1.1" 302 0
INFO 2024-12-04 15:38:42,628 views Accès à la page d'accueil.
INFO 2024-12-04 15:38:42,756 basehttp "GET / HTTP/1.1" 200 6201
WARNING 2024-12-04 15:38:42,906 log Not Found: /favicon.ico
INFO 2024-12-04 15:38:42,908 basehttp - Broken pipe from ('127.0.0.1', 55429)
INFO 2024-12-04 15:56:41,404 autoreload C:\code\cours-django\django-project\env\project_blog\project_blog\settings.py changed, reloading.
INFO 2024-12-04 15:56:42,911 autoreload Watching for file changes with StatReloader
INFO 2024-12-04 15:56:43,232 views Accès à la page d'accueil.
INFO 2024-12-04 15:56:43,365 basehttp "GET / HTTP/1.1" 200 6201
WARNING 2024-12-04 15:56:43,559 log Not Found: /favicon.ico
INFO 2024-12-04 15:56:43,560 basehttp - Broken pipe from ('127.0.0.1', 55598)
INFO 2024-12-04 15:56:43,889 views Accès à la page d'accueil.
INFO 2024-12-04 15:56:44,010 basehttp "GET / HTTP/1.1" 200 6201
WARNING 2024-12-04 15:56:44,109 log Not Found: /favicon.ico
INFO 2024-12-04 15:56:44,111 basehttp - Broken pipe from ('127.0.0.1', 55600)
INFO 2024-12-04 15:56:45,064 basehttp "POST /fr/set_language/ HTTP/1.1" 302 0
INFO 2024-12-04 15:56:45,078 views Accès à la page d'accueil.
INFO 2024-12-04 15:56:45,177 basehttp "GET / HTTP/1.1" 200 6201
INFO 2024-12-04 15:57:08,635 autoreload C:\code\cours-django\django-project\env\project_blog\project_blog\settings.py changed, reloading.
INFO 2024-12-04 15:57:09,803 autoreload Watching for file changes with StatReloader
INFO 2024-12-04 15:57:25,895 autoreload C:\code\cours-django\django-project\env\project_blog\blog\views.py changed, reloading.
INFO 2024-12-04 15:57:27,257 autoreload Watching for file changes with StatReloader
INFO 2024-12-04 15:57:31,118 autoreload C:\code\cours-django\django-project\env\project_blog\blog\views.py changed, reloading.
INFO 2024-12-04 15:57:32,150 autoreload Watching for file changes with StatReloader
INFO 2024-12-04 15:57:35,685 autoreload C:\code\cours-django\django-project\env\project_blog\blog\views.py changed, reloading.
INFO 2024-12-04 15:57:37,113 autoreload Watching for file changes with StatReloader
INFO 2024-12-04 15:57:47,187 autoreload C:\code\cours-django\django-project\env\project_blog\blog\views.py changed, reloading.
INFO 2024-12-04 15:57:48,107 autoreload Watching for file changes with StatReloader
INFO 2024-12-04 15:57:50,362 autoreload C:\code\cours-django\django-project\env\project_blog\blog\views.py changed, reloading.
INFO 2024-12-04 15:57:51,365 autoreload Watching for file changes with StatReloader
INFO 2024-12-04 15:57:57,157 autoreload C:\code\cours-django\django-project\env\project_blog\blog\views.py changed, reloading.
INFO 2024-12-04 15:57:58,215 autoreload Watching for file changes with StatReloader
INFO 2024-12-04 15:58:41,030 autoreload C:\code\cours-django\django-project\env\project_blog\blog\views.py changed, reloading.
INFO 2024-12-04 15:58:42,240 autoreload Watching for file changes with StatReloader
INFO 2024-12-04 15:58:44,170 views Accès à la page d'accueil.
INFO 2024-12-04 15:58:44,311 basehttp "GET / HTTP/1.1" 200 6209
WARNING 2024-12-04 15:58:44,414 log Not Found: /favicon.ico
INFO 2024-12-04 15:58:44,416 basehttp - Broken pipe from ('127.0.0.1', 55643)
INFO 2024-12-04 15:58:46,006 basehttp "POST /fr/set_language/ HTTP/1.1" 302 0
INFO 2024-12-04 15:58:46,019 views Accès à la page d'accueil.
INFO 2024-12-04 15:58:46,106 basehttp "GET / HTTP/1.1" 200 6209
INFO 2024-12-04 15:58:47,384 basehttp "POST /fr/set_language/ HTTP/1.1" 302 0
INFO 2024-12-04 15:58:47,394 views Accès à la page d'accueil.
INFO 2024-12-04 15:58:47,491 basehttp "GET / HTTP/1.1" 200 6183
INFO 2024-12-04 15:58:51,126 basehttp "POST /en/set_language/ HTTP/1.1" 302 0
INFO 2024-12-04 15:58:51,145 views Accès à la page d'accueil.
INFO 2024-12-04 15:58:51,370 basehttp "GET / HTTP/1.1" 200 6209
INFO 2024-12-04 16:27:50,879 views Accès à la page d'accueil.
INFO 2024-12-04 16:27:50,935 basehttp "GET / HTTP/1.1" 200 6209
WARNING 2024-12-04 16:27:51,023 log Not Found: /favicon.ico
INFO 2024-12-04 16:27:51,024 basehttp - Broken pipe from ('127.0.0.1', 56152)
INFO 2024-12-04 16:27:54,345 basehttp "POST /fr/set_language/ HTTP/1.1" 302 0
INFO 2024-12-04 16:27:54,359 views Accès à la page d'accueil.
INFO 2024-12-04 16:27:54,410 basehttp "GET / HTTP/1.1" 200 6183
INFO 2024-12-04 16:27:56,719 basehttp "POST /en/set_language/ HTTP/1.1" 302 0
INFO 2024-12-04 16:27:56,723 views Accès à la page d'accueil.
INFO 2024-12-04 16:27:56,774 basehttp "GET / HTTP/1.1" 200 6209
WARNING 2024-12-04 16:27:56,815 log Not Found: /favicon.ico
INFO 2024-12-04 16:27:56,817 basehttp - Broken pipe from ('127.0.0.1', 56155)
INFO 2024-12-04 16:27:59,605 basehttp "POST /fr/set_language/ HTTP/1.1" 302 0
INFO 2024-12-04 16:27:59,614 views Accès à la page d'accueil.
INFO 2024-12-04 16:27:59,665 basehttp "GET / HTTP/1.1" 200 6183
WARNING 2024-12-04 16:27:59,706 log Not Found: /favicon.ico
INFO 2024-12-04 16:27:59,707 basehttp - Broken pipe from ('127.0.0.1', 56159)
INFO 2024-12-04 16:28:02,340 basehttp "POST /en/set_language/ HTTP/1.1" 302 0
INFO 2024-12-04 16:28:02,348 views Accès à la page d'accueil.
INFO 2024-12-04 16:28:02,397 basehttp "GET / HTTP/1.1" 200 6209
INFO 2024-12-04 16:28:04,252 basehttp "POST /fr/set_language/ HTTP/1.1" 302 0
INFO 2024-12-04 16:28:04,261 views Accès à la page d'accueil.
INFO 2024-12-04 16:28:04,314 basehttp "GET / HTTP/1.1" 200 6183
WARNING 2024-12-04 16:28:04,351 log Not Found: /favicon.ico
INFO 2024-12-04 16:28:04,352 basehttp - Broken pipe from ('127.0.0.1', 56162)
INFO 2024-12-04 16:28:06,824 basehttp "POST /en/set_language/ HTTP/1.1" 302 0
INFO 2024-12-04 16:28:06,827 views Accès à la page d'accueil.
INFO 2024-12-04 16:28:06,875 basehttp "GET / HTTP/1.1" 200 6209
INFO 2024-12-04 16:49:51,160 views Accès à la page d'accueil.
INFO 2024-12-04 16:49:51,201 basehttp "GET / HTTP/1.1" 200 6209
WARNING 2024-12-04 16:49:51,266 log Not Found: /favicon.ico
INFO 2024-12-04 16:49:51,267 basehttp - Broken pipe from ('127.0.0.1', 56449)
INFO 2024-12-04 16:49:53,303 basehttp "POST /fr/set_language/ HTTP/1.1" 302 0
INFO 2024-12-04 16:49:53,314 views Accès à la page d'accueil.
INFO 2024-12-04 16:49:53,352 basehttp "GET / HTTP/1.1" 200 6183
WARNING 2024-12-04 16:49:53,388 log Not Found: /favicon.ico
INFO 2024-12-04 16:49:53,388 basehttp - Broken pipe from ('127.0.0.1', 56451)
INFO 2024-12-04 16:49:55,198 basehttp "POST /en/set_language/ HTTP/1.1" 302 0
INFO 2024-12-04 16:49:55,201 views Accès à la page d'accueil.
INFO 2024-12-04 16:49:55,239 basehttp "GET / HTTP/1.1" 200 6209
INFO 2024-12-04 20:40:48,736 autoreload Watching for file changes with StatReloader
INFO 2024-12-04 20:41:21,574 views Accès à la page d'accueil.
INFO 2024-12-04 20:41:21,791 basehttp "GET / HTTP/1.1" 200 6209
WARNING 2024-12-04 20:41:21,915 log Not Found: /favicon.ico
WARNING 2024-12-04 20:41:21,917 basehttp "GET /favicon.ico HTTP/1.1" 404 4538
INFO 2024-12-04 20:47:07,873 autoreload C:\code\cours-django\django-project\env\project_blog\project_blog\settings.py changed, reloading.
INFO 2024-12-04 20:47:09,304 autoreload Watching for file changes with StatReloader
INFO 2024-12-04 20:52:47,952 views Accès à la page d'accueil.
INFO 2024-12-04 20:52:48,099 basehttp "GET / HTTP/1.1" 200 6270
WARNING 2024-12-04 20:52:48,193 log Not Found: /favicon.ico
INFO 2024-12-04 20:52:48,196 basehttp - Broken pipe from ('127.0.0.1', 55146)
INFO 2024-12-04 20:52:55,403 basehttp "POST /fr/set_language/ HTTP/1.1" 302 0
INFO 2024-12-04 20:52:55,414 views Accès à la page d'accueil.
INFO 2024-12-04 20:52:55,531 basehttp "GET / HTTP/1.1" 200 6326
WARNING 2024-12-04 20:52:55,611 log Not Found: /favicon.ico
INFO 2024-12-04 20:52:55,613 basehttp - Broken pipe from ('127.0.0.1', 55148)
INFO 2024-12-04 20:52:57,469 basehttp "POST /it/set_language/ HTTP/1.1" 302 0
INFO 2024-12-04 20:52:57,479 views Accès à la page d'accueil.
INFO 2024-12-04 20:52:57,608 basehttp "GET / HTTP/1.1" 200 6253
WARNING 2024-12-04 20:52:57,699 log Not Found: /favicon.ico
INFO 2024-12-04 20:52:57,701 basehttp - Broken pipe from ('127.0.0.1', 55150)
INFO 2024-12-04 20:53:00,326 basehttp "POST /en/set_language/ HTTP/1.1" 302 0
INFO 2024-12-04 20:53:00,344 views Accès à la page d'accueil.
INFO 2024-12-04 20:53:00,452 basehttp "GET / HTTP/1.1" 200 6270
INFO 2024-12-04 20:53:15,351 views Accès à la page d'accueil.
INFO 2024-12-04 20:53:15,435 basehttp "GET / HTTP/1.1" 200 6270
WARNING 2024-12-04 20:53:15,508 log Not Found: /favicon.ico
INFO 2024-12-04 20:53:15,510 basehttp - Broken pipe from ('127.0.0.1', 55152)
INFO 2024-12-04 20:53:17,556 views Accès à la page d'accueil.
INFO 2024-12-04 20:53:17,637 basehttp "GET / HTTP/1.1" 200 6270
WARNING 2024-12-04 20:53:17,731 log Not Found: /favicon.ico
INFO 2024-12-04 20:53:17,732 basehttp - Broken pipe from ('127.0.0.1', 55155)
INFO 2024-12-04 20:53:18,212 views Accès à la page d'accueil.
INFO 2024-12-04 20:53:18,295 basehttp "GET / HTTP/1.1" 200 6270
INFO 2024-12-04 20:53:20,400 basehttp "POST /fr/set_language/ HTTP/1.1" 302 0
INFO 2024-12-04 20:53:20,421 views Accès à la page d'accueil.
INFO 2024-12-04 20:53:20,522 basehttp "GET / HTTP/1.1" 200 6326
INFO 2024-12-04 20:53:31,238 autoreload C:\code\cours-django\django-project\env\project_blog\project_blog\settings.py changed, reloading.
INFO 2024-12-04 20:53:32,200 autoreload Watching for file changes with StatReloader
INFO 2024-12-04 20:53:35,797 views Accès à la page d'accueil.
INFO 2024-12-04 20:53:35,911 basehttp "GET / HTTP/1.1" 200 6326
WARNING 2024-12-04 20:53:36,071 log Not Found: /favicon.ico
INFO 2024-12-04 20:53:36,072 basehttp - Broken pipe from ('127.0.0.1', 55162)
INFO 2024-12-04 20:53:38,934 basehttp "POST /it/set_language/ HTTP/1.1" 302 0
INFO 2024-12-04 20:53:38,942 views Accès à la page d'accueil.
INFO 2024-12-04 20:53:39,017 basehttp "GET / HTTP/1.1" 200 6270
WARNING 2024-12-04 20:53:39,086 log Not Found: /favicon.ico
INFO 2024-12-04 20:53:39,088 basehttp - Broken pipe from ('127.0.0.1', 55164)
INFO 2024-12-04 20:53:44,320 basehttp "POST /fr/set_language/ HTTP/1.1" 302 0
INFO 2024-12-04 20:53:44,337 views Accès à la page d'accueil.
INFO 2024-12-04 20:53:44,451 basehttp "GET / HTTP/1.1" 200 6253
WARNING 2024-12-04 20:53:44,525 log Not Found: /favicon.ico
INFO 2024-12-04 20:53:44,526 basehttp - Broken pipe from ('127.0.0.1', 55172)
INFO 2024-12-04 20:53:49,443 basehttp "POST /en/set_language/ HTTP/1.1" 302 0
INFO 2024-12-04 20:53:49,453 views Accès à la page d'accueil.
INFO 2024-12-04 20:53:49,667 basehttp "GET / HTTP/1.1" 200 6270
INFO 2024-12-04 20:54:27,340 autoreload Watching for file changes with StatReloader
INFO 2024-12-04 20:54:29,740 views Accès à la page d'accueil.
INFO 2024-12-04 20:54:29,864 basehttp "GET / HTTP/1.1" 200 6270
WARNING 2024-12-04 20:54:29,982 log Not Found: /favicon.ico
INFO 2024-12-04 20:54:29,986 basehttp - Broken pipe from ('127.0.0.1', 55179)
INFO 2024-12-04 20:54:31,591 basehttp "POST /fr/set_language/ HTTP/1.1" 302 0
INFO 2024-12-04 20:54:31,604 views Accès à la page d'accueil.
INFO 2024-12-04 20:54:31,713 basehttp "GET / HTTP/1.1" 200 6326
WARNING 2024-12-04 20:54:31,790 log Not Found: /favicon.ico
INFO 2024-12-04 20:54:31,791 basehttp - Broken pipe from ('127.0.0.1', 55181)
INFO 2024-12-04 20:54:34,423 basehttp "POST /it/set_language/ HTTP/1.1" 302 0
INFO 2024-12-04 20:54:34,431 views Accès à la page d'accueil.
INFO 2024-12-04 20:54:34,510 basehttp "GET / HTTP/1.1" 200 6253
INFO 2024-12-04 20:54:35,860 basehttp "POST /en/set_language/ HTTP/1.1" 302 0
INFO 2024-12-04 20:54:35,879 views Accès à la page d'accueil.
INFO 2024-12-04 20:54:35,985 basehttp "GET / HTTP/1.1" 200 6270
WARNING 2024-12-04 20:54:36,070 log Not Found: /favicon.ico
INFO 2024-12-04 20:54:36,073 basehttp - Broken pipe from ('127.0.0.1', 55183)
INFO 2024-12-04 20:55:22,169 autoreload C:\code\cours-django\django-project\env\project_blog\project_blog\settings.py changed, reloading.
INFO 2024-12-04 20:55:23,316 autoreload Watching for file changes with StatReloader
INFO 2024-12-04 20:56:49,850 basehttp "POST /fr/set_language/ HTTP/1.1" 302 0
INFO 2024-12-04 20:56:49,859 views Accès à la page d'accueil.
INFO 2024-12-04 20:56:49,959 basehttp "GET / HTTP/1.1" 200 6253
INFO 2024-12-04 20:56:51,937 basehttp "POST /en/set_language/ HTTP/1.1" 302 0
INFO 2024-12-04 20:56:51,949 views Accès à la page d'accueil.
INFO 2024-12-04 20:56:52,060 basehttp "GET / HTTP/1.1" 200 6354
INFO 2024-12-04 20:56:54,682 basehttp "POST /it/set_language/ HTTP/1.1" 302 0
INFO 2024-12-04 20:56:54,695 views Accès à la page d'accueil.
INFO 2024-12-04 20:56:54,808 basehttp "GET / HTTP/1.1" 200 6279
INFO 2024-12-04 20:56:56,873 basehttp "POST /fr/set_language/ HTTP/1.1" 302 0
INFO 2024-12-04 20:56:56,895 views Accès à la page d'accueil.
INFO 2024-12-04 20:56:57,009 basehttp "GET / HTTP/1.1" 200 6253
WARNING 2024-12-04 20:56:57,100 log Not Found: /favicon.ico
INFO 2024-12-04 20:56:57,102 basehttp - Broken pipe from ('127.0.0.1', 55194)
INFO 2024-12-04 20:56:59,317 basehttp "POST /en/set_language/ HTTP/1.1" 302 0
INFO 2024-12-04 20:56:59,333 views Accès à la page d'accueil.
INFO 2024-12-04 20:56:59,447 basehttp "GET / HTTP/1.1" 200 6279
INFO 2024-12-04 20:57:01,430 basehttp "POST /fr/set_language/ HTTP/1.1" 302 0
INFO 2024-12-04 20:57:01,444 views Accès à la page d'accueil.
INFO 2024-12-04 20:57:01,556 basehttp "GET / HTTP/1.1" 200 6354
WARNING 2024-12-04 20:57:01,644 log Not Found: /favicon.ico
INFO 2024-12-04 20:57:01,646 basehttp - Broken pipe from ('127.0.0.1', 55200)
INFO 2024-12-04 20:57:19,508 views Accès à la page d'accueil.
INFO 2024-12-04 20:57:19,597 basehttp "GET / HTTP/1.1" 200 6354
INFO 2024-12-04 20:57:27,245 basehttp "GET /post/jhgfdsdfghgfd/ HTTP/1.1" 200 3431
WARNING 2024-12-04 20:57:27,315 log Not Found: /favicon.ico
INFO 2024-12-04 20:57:27,318 basehttp - Broken pipe from ('127.0.0.1', 55204)
WARNING 2024-12-04 20:57:28,309 log Not Found: /favicon.ico
INFO 2024-12-04 20:57:28,311 basehttp - Broken pipe from ('127.0.0.1', 55207)
INFO 2024-12-04 20:57:31,100 basehttp "GET /post/jhgfdsdfghgfd/ HTTP/1.1" 200 3431
INFO 2024-12-04 20:57:33,644 basehttp "GET /post/quickkkkk/ HTTP/1.1" 200 3627
INFO 2024-12-04 20:57:34,780 views Accès à la page d'accueil.
INFO 2024-12-04 20:57:34,876 basehttp "GET / HTTP/1.1" 200 6354
WARNING 2024-12-04 20:57:34,965 log Not Found: /favicon.ico
INFO 2024-12-04 20:57:34,966 basehttp - Broken pipe from ('127.0.0.1', 55208)
INFO 2024-12-04 20:57:36,246 views Accès à la liste des catégories.
INFO 2024-12-04 20:57:36,256 basehttp "GET /categories/ HTTP/1.1" 200 5467
INFO 2024-12-04 20:58:12,566 views Accès à la page d'accueil.
INFO 2024-12-04 20:58:12,704 basehttp "GET / HTTP/1.1" 200 6354
INFO 2024-12-04 20:58:14,183 basehttp "POST /it/set_language/ HTTP/1.1" 302 0
INFO 2024-12-04 20:58:14,194 views Accès à la page d'accueil.
INFO 2024-12-04 20:58:14,279 basehttp "GET / HTTP/1.1" 200 6253
INFO 2024-12-04 20:58:16,237 basehttp "POST /en/set_language/ HTTP/1.1" 302 0
INFO 2024-12-04 20:58:16,253 views Accès à la page d'accueil.
INFO 2024-12-04 20:58:16,337 basehttp "GET / HTTP/1.1" 200 6279
INFO 2024-12-04 20:58:18,237 basehttp "POST /fr/set_language/ HTTP/1.1" 302 0
INFO 2024-12-04 20:58:18,250 views Accès à la page d'accueil.
INFO 2024-12-04 20:58:18,345 basehttp "GET / HTTP/1.1" 200 6354
WARNING 2024-12-04 20:58:18,432 log Not Found: /favicon.ico
INFO 2024-12-04 20:58:18,434 basehttp - Broken pipe from ('127.0.0.1', 55213)
INFO 2024-12-04 20:58:19,212 basehttp "POST /it/set_language/ HTTP/1.1" 302 0
INFO 2024-12-04 20:58:19,220 views Accès à la page d'accueil.
INFO 2024-12-04 20:58:19,312 basehttp "GET / HTTP/1.1" 200 6253
INFO 2024-12-04 20:58:20,620 basehttp "POST /en/set_language/ HTTP/1.1" 302 0
INFO 2024-12-04 20:58:20,641 views Accès à la page d'accueil.
INFO 2024-12-04 20:58:20,743 basehttp "GET / HTTP/1.1" 200 6354
INFO 2024-12-04 20:58:22,253 basehttp "POST /it/set_language/ HTTP/1.1" 302 0
INFO 2024-12-04 20:58:22,269 views Accès à la page d'accueil.
INFO 2024-12-04 20:58:22,375 basehttp "GET / HTTP/1.1" 200 6279
INFO 2024-12-04 20:58:23,919 basehttp "POST /fr/set_language/ HTTP/1.1" 302 0
INFO 2024-12-04 20:58:23,940 views Accès à la page d'accueil.
INFO 2024-12-04 20:58:24,043 basehttp "GET / HTTP/1.1" 200 6253
INFO 2024-12-04 20:58:25,104 basehttp "POST /en/set_language/ HTTP/1.1" 302 0
INFO 2024-12-04 20:58:25,124 views Accès à la page d'accueil.
INFO 2024-12-04 20:58:25,234 basehttp "GET / HTTP/1.1" 200 6354
INFO 2024-12-04 20:58:38,049 basehttp "POST /it/set_language/ HTTP/1.1" 302 0
INFO 2024-12-04 20:58:38,062 views Accès à la page d'accueil.
INFO 2024-12-04 20:58:38,151 basehttp "GET / HTTP/1.1" 200 6253
INFO 2024-12-04 20:58:39,524 basehttp "POST /en/set_language/ HTTP/1.1" 302 0
INFO 2024-12-04 20:58:39,543 views Accès à la page d'accueil.
INFO 2024-12-04 20:58:39,630 basehttp "GET / HTTP/1.1" 200 6279
WARNING 2024-12-04 20:58:39,716 log Not Found: /favicon.ico
INFO 2024-12-04 20:58:39,717 basehttp - Broken pipe from ('127.0.0.1', 55222)
INFO 2024-12-04 20:58:42,554 basehttp "POST /fr/set_language/ HTTP/1.1" 302 0
INFO 2024-12-04 20:58:42,578 views Accès à la page d'accueil.
INFO 2024-12-04 20:58:42,688 basehttp "GET / HTTP/1.1" 200 6253
INFO 2024-12-04 20:58:44,913 basehttp "POST /en/set_language/ HTTP/1.1" 302 0
INFO 2024-12-04 20:58:44,935 views Accès à la page d'accueil.
INFO 2024-12-04 20:58:45,042 basehttp "GET / HTTP/1.1" 200 6354
WARNING 2024-12-04 20:58:45,132 log Not Found: /favicon.ico
INFO 2024-12-04 20:58:45,133 basehttp - Broken pipe from ('127.0.0.1', 55230)
INFO 2024-12-04 21:03:47,220 views Accès à la page d'accueil.
INFO 2024-12-04 21:03:47,284 basehttp "GET / HTTP/1.1" 200 6335
WARNING 2024-12-04 21:03:47,348 log Not Found: /favicon.ico
INFO 2024-12-04 21:03:47,349 basehttp - Broken pipe from ('127.0.0.1', 55247)
INFO 2024-12-04 21:03:49,165 basehttp "POST /it/set_language/ HTTP/1.1" 302 0
INFO 2024-12-04 21:03:49,173 views Accès à la page d'accueil.
INFO 2024-12-04 21:03:49,240 basehttp "GET / HTTP/1.1" 200 6279
INFO 2024-12-04 21:03:50,504 basehttp "POST /fr/set_language/ HTTP/1.1" 302 0
INFO 2024-12-04 21:03:50,518 views Accès à la page d'accueil.
INFO 2024-12-04 21:03:50,595 basehttp "GET / HTTP/1.1" 200 6253
INFO 2024-12-04 21:03:52,218 basehttp "POST /en/set_language/ HTTP/1.1" 302 0
INFO 2024-12-04 21:03:52,233 views Accès à la page d'accueil.
INFO 2024-12-04 21:03:52,440 basehttp "GET / HTTP/1.1" 200 6279
INFO 2024-12-04 21:03:53,707 basehttp "POST /fr/set_language/ HTTP/1.1" 302 0
INFO 2024-12-04 21:03:53,722 views Accès à la page d'accueil.
INFO 2024-12-04 21:03:53,810 basehttp "GET / HTTP/1.1" 200 6335
WARNING 2024-12-04 21:03:53,872 log Not Found: /favicon.ico
INFO 2024-12-04 21:03:53,873 basehttp - Broken pipe from ('127.0.0.1', 55249)
INFO 2024-12-04 21:03:54,801 basehttp "GET /post/jhgfdsdfghgfd/ HTTP/1.1" 200 3431
INFO 2024-12-04 21:05:15,595 autoreload C:\code\cours-django\django-project\env\project_blog\project_blog\settings.py changed, reloading.
INFO 2024-12-04 21:05:16,543 autoreload Watching for file changes with StatReloader
INFO 2024-12-04 21:09:06,926 basehttp "GET /post/jhgfdsdfghgfd/ HTTP/1.1" 200 3431
WARNING 2024-12-04 21:09:07,012 log Not Found: /favicon.ico
INFO 2024-12-04 21:09:07,015 basehttp - Broken pipe from ('127.0.0.1', 55280)
INFO 2024-12-04 21:09:08,640 views Accès à la page d'accueil.
INFO 2024-12-04 21:09:08,748 basehttp "GET / HTTP/1.1" 200 6335
WARNING 2024-12-04 21:09:08,850 log Not Found: /favicon.ico
INFO 2024-12-04 21:09:08,852 basehttp - Broken pipe from ('127.0.0.1', 55282)
INFO 2024-12-04 21:09:11,103 basehttp "POST /it/set_language/ HTTP/1.1" 302 0
INFO 2024-12-04 21:09:11,119 views Accès à la page d'accueil.
INFO 2024-12-04 21:09:11,215 basehttp "GET / HTTP/1.1" 200 6253
INFO 2024-12-04 21:09:12,326 basehttp "GET /post/jhgfdsdfghgfd/ HTTP/1.1" 200 3431
WARNING 2024-12-04 21:09:12,404 log Not Found: /favicon.ico
INFO 2024-12-04 21:09:12,405 basehttp - Broken pipe from ('127.0.0.1', 55284)
INFO 2024-12-04 21:12:41,037 basehttp "GET /post/jhgfdsdfghgfd/ HTTP/1.1" 200 3253
WARNING 2024-12-04 21:12:41,098 log Not Found: /favicon.ico
INFO 2024-12-04 21:12:41,099 basehttp - Broken pipe from ('127.0.0.1', 55293)
INFO 2024-12-04 21:12:42,289 views Accès à la page d'accueil.
INFO 2024-12-04 21:12:42,520 basehttp "GET / HTTP/1.1" 200 6253
WARNING 2024-12-04 21:12:42,614 log Not Found: /favicon.ico
INFO 2024-12-04 21:12:42,615 basehttp - Broken pipe from ('127.0.0.1', 55295)
INFO 2024-12-04 21:12:44,331 basehttp "POST /en/set_language/ HTTP/1.1" 302 0
INFO 2024-12-04 21:12:44,341 views Accès à la page d'accueil.
INFO 2024-12-04 21:12:44,442 basehttp "GET / HTTP/1.1" 200 6335
INFO 2024-12-04 21:12:45,609 basehttp "GET /post/jhgfdsdfghgfd/ HTTP/1.1" 200 3269
INFO 2024-12-04 21:15:25,426 basehttp "GET /post/jhgfdsdfghgfd/ HTTP/1.1" 200 3265
WARNING 2024-12-04 21:15:25,535 log Not Found: /favicon.ico
INFO 2024-12-04 21:15:25,536 basehttp - Broken pipe from ('127.0.0.1', 55313)
INFO 2024-12-04 21:15:47,553 basehttp "GET /post/jhgfdsdfghgfd/ HTTP/1.1" 200 3265
WARNING 2024-12-04 21:15:47,629 log Not Found: /favicon.ico
INFO 2024-12-04 21:15:47,631 basehttp - Broken pipe from ('127.0.0.1', 55316)
INFO 2024-12-04 21:15:48,389 basehttp "GET /post/jhgfdsdfghgfd/ HTTP/1.1" 200 3265
WARNING 2024-12-04 21:15:48,492 log Not Found: /favicon.ico
INFO 2024-12-04 21:15:48,493 basehttp - Broken pipe from ('127.0.0.1', 55318)
INFO 2024-12-04 21:15:48,789 basehttp "GET /post/jhgfdsdfghgfd/ HTTP/1.1" 200 3265
INFO 2024-12-04 21:15:49,145 basehttp "GET /post/jhgfdsdfghgfd/ HTTP/1.1" 200 3265
INFO 2024-12-04 21:15:49,397 views Accès à la page d'accueil.
INFO 2024-12-04 21:15:49,496 basehttp "GET / HTTP/1.1" 200 6335
INFO 2024-12-04 21:15:51,136 basehttp "GET /post/jhgfdsdfghgfd/ HTTP/1.1" 200 3265
INFO 2024-12-04 21:15:58,624 basehttp "GET /post/jhgfdsdfghgfd/ HTTP/1.1" 200 3265
WARNING 2024-12-04 21:15:58,698 log Not Found: /favicon.ico
INFO 2024-12-04 21:15:58,699 basehttp - Broken pipe from ('127.0.0.1', 55320)
INFO 2024-12-04 21:16:02,619 basehttp "GET /post/jhgfdsdfghgfd/ HTTP/1.1" 200 3279
WARNING 2024-12-04 21:16:02,693 log Not Found: /favicon.ico
INFO 2024-12-04 21:16:02,695 basehttp - Broken pipe from ('127.0.0.1', 55326)
INFO 2024-12-04 21:16:05,622 views Accès à la page d'accueil.
INFO 2024-12-04 21:16:05,725 basehttp "GET / HTTP/1.1" 200 6335
INFO 2024-12-04 21:16:07,381 basehttp "POST /it/set_language/ HTTP/1.1" 302 0
INFO 2024-12-04 21:16:07,393 views Accès à la page d'accueil.
INFO 2024-12-04 21:16:07,466 basehttp "GET / HTTP/1.1" 200 6253
WARNING 2024-12-04 21:16:07,539 log Not Found: /favicon.ico
INFO 2024-12-04 21:16:07,540 basehttp - Broken pipe from ('127.0.0.1', 55329)
INFO 2024-12-04 21:16:08,091 basehttp "GET /post/jhgfdsdfghgfd/ HTTP/1.1" 200 3253
INFO 2024-12-04 21:16:09,864 views Accès à la page d'accueil.
INFO 2024-12-04 21:16:09,954 basehttp "GET / HTTP/1.1" 200 6253
INFO 2024-12-04 21:16:11,700 basehttp "POST /en/set_language/ HTTP/1.1" 302 0
INFO 2024-12-04 21:16:11,727 views Accès à la page d'accueil.
INFO 2024-12-04 21:16:11,826 basehttp "GET / HTTP/1.1" 200 6279
INFO 2024-12-04 21:16:12,401 basehttp "GET /post/jhgfdsdfghgfd/ HTTP/1.1" 200 3270
INFO 2024-12-04 21:16:21,686 basehttp "GET /post/jhgfdsdfghgfd/ HTTP/1.1" 200 3270
WARNING 2024-12-04 21:16:21,771 log Not Found: /favicon.ico
INFO 2024-12-04 21:16:21,772 basehttp - Broken pipe from ('127.0.0.1', 55332)
INFO 2024-12-04 21:16:26,375 basehttp "GET /post/jhgfdsdfghgfd/ HTTP/1.1" 200 3282
WARNING 2024-12-04 21:16:26,467 log Not Found: /favicon.ico
INFO 2024-12-04 21:16:26,468 basehttp - Broken pipe from ('127.0.0.1', 55341)
INFO 2024-12-04 21:18:45,457 basehttp "GET /post/jhgfdsdfghgfd/ HTTP/1.1" 200 3282
WARNING 2024-12-04 21:18:45,553 log Not Found: /favicon.ico
INFO 2024-12-04 21:18:45,555 basehttp - Broken pipe from ('127.0.0.1', 55350)
INFO 2024-12-04 21:18:46,514 views Accès à la page d'accueil.
INFO 2024-12-04 21:18:46,608 basehttp "GET / HTTP/1.1" 200 6279
WARNING 2024-12-04 21:18:46,718 log Not Found: /favicon.ico
INFO 2024-12-04 21:18:46,719 basehttp - Broken pipe from ('127.0.0.1', 55352)
INFO 2024-12-04 21:18:47,971 basehttp "GET /post-form/ HTTP/1.1" 200 3725
INFO 2024-12-04 21:18:51,619 views Accès à la page d'accueil.
INFO 2024-12-04 21:18:51,730 basehttp "GET / HTTP/1.1" 200 6279
INFO 2024-12-04 21:18:53,587 basehttp "POST /fr/set_language/ HTTP/1.1" 302 0
INFO 2024-12-04 21:18:53,604 views Accès à la page d'accueil.
INFO 2024-12-04 21:18:53,720 basehttp "GET / HTTP/1.1" 200 6253
WARNING 2024-12-04 21:18:53,817 log Not Found: /favicon.ico
INFO 2024-12-04 21:18:53,818 basehttp - Broken pipe from ('127.0.0.1', 55354)
INFO 2024-12-04 21:18:55,317 basehttp "GET /post-form/ HTTP/1.1" 200 3725
INFO 2024-12-04 21:19:08,388 basehttp "GET /post-form/ HTTP/1.1" 200 3725
WARNING 2024-12-04 21:19:08,466 log Not Found: /favicon.ico
INFO 2024-12-04 21:19:08,467 basehttp - Broken pipe from ('127.0.0.1', 55358)
INFO 2024-12-04 21:19:09,155 basehttp "GET /post-form/ HTTP/1.1" 200 3725
INFO 2024-12-04 21:19:09,480 views Accès à la page d'accueil.
INFO 2024-12-04 21:19:09,583 basehttp "GET / HTTP/1.1" 200 6253
WARNING 2024-12-04 21:19:09,680 log Not Found: /favicon.ico
INFO 2024-12-04 21:19:09,681 basehttp - Broken pipe from ('127.0.0.1', 55361)
INFO 2024-12-04 21:19:11,033 basehttp "POST /en/set_language/ HTTP/1.1" 302 0
INFO 2024-12-04 21:19:11,048 views Accès à la page d'accueil.
INFO 2024-12-04 21:19:11,141 basehttp "GET / HTTP/1.1" 200 6279
INFO 2024-12-04 21:19:12,076 basehttp "POST /fr/set_language/ HTTP/1.1" 302 0
INFO 2024-12-04 21:19:12,089 views Accès à la page d'accueil.
INFO 2024-12-04 21:19:12,271 basehttp "GET / HTTP/1.1" 200 6253
INFO 2024-12-04 21:19:12,993 views Accès à la liste des catégories.
INFO 2024-12-04 21:19:13,003 basehttp "GET /categories/ HTTP/1.1" 200 5467
WARNING 2024-12-04 21:19:14,165 log Not Found: /favicon.ico
INFO 2024-12-04 21:19:14,167 basehttp - Broken pipe from ('127.0.0.1', 55364)
INFO 2024-12-04 21:19:15,119 basehttp "GET /post-form/ HTTP/1.1" 200 3725
INFO 2024-12-04 21:21:51,324 views Accès à la page d'accueil.
INFO 2024-12-04 21:21:51,400 basehttp "GET / HTTP/1.1" 200 6253
WARNING 2024-12-04 21:21:51,512 log Not Found: /favicon.ico
INFO 2024-12-04 21:21:51,513 basehttp - Broken pipe from ('127.0.0.1', 55380)
INFO 2024-12-04 21:21:53,937 basehttp "POST /en/set_language/ HTTP/1.1" 302 0
INFO 2024-12-04 21:21:53,958 views Accès à la page d'accueil.
INFO 2024-12-04 21:21:54,055 basehttp "GET / HTTP/1.1" 200 6279
WARNING 2024-12-04 21:21:54,145 log Not Found: /favicon.ico
INFO 2024-12-04 21:21:54,146 basehttp - Broken pipe from ('127.0.0.1', 55382)
INFO 2024-12-04 21:21:55,150 basehttp "GET /post/gggggggggggggggg/ HTTP/1.1" 200 3478
INFO 2024-12-04 21:21:56,063 views Accès à la page d'accueil.
INFO 2024-12-04 21:21:56,157 basehttp "GET / HTTP/1.1" 200 6279
INFO 2024-12-04 21:21:57,592 basehttp "POST /fr/set_language/ HTTP/1.1" 302 0
INFO 2024-12-04 21:21:57,608 views Accès à la page d'accueil.
INFO 2024-12-04 21:21:57,696 basehttp "GET / HTTP/1.1" 200 6335
WARNING 2024-12-04 21:21:57,774 log Not Found: /favicon.ico
INFO 2024-12-04 21:21:57,775 basehttp - Broken pipe from ('127.0.0.1', 55384)
INFO 2024-12-04 21:21:58,367 basehttp "GET /post/gggggggggggggggg/ HTTP/1.1" 200 3475
INFO 2024-12-04 21:21:59,498 views Accès à la page d'accueil.
INFO 2024-12-04 21:21:59,585 basehttp "GET / HTTP/1.1" 200 6335
INFO 2024-12-04 21:22:01,408 basehttp "POST /it/set_language/ HTTP/1.1" 302 0
INFO 2024-12-04 21:22:01,418 views Accès à la page d'accueil.
INFO 2024-12-04 21:22:01,507 basehttp "GET / HTTP/1.1" 200 6279
INFO 2024-12-04 21:22:03,225 basehttp "POST /fr/set_language/ HTTP/1.1" 302 0
INFO 2024-12-04 21:22:03,242 views Accès à la page d'accueil.
INFO 2024-12-04 21:22:03,337 basehttp "GET / HTTP/1.1" 200 6253
WARNING 2024-12-04 21:22:03,431 log Not Found: /favicon.ico
INFO 2024-12-04 21:22:03,432 basehttp - Broken pipe from ('127.0.0.1', 55388)
INFO 2024-12-04 21:22:04,973 basehttp "GET /post-form/ HTTP/1.1" 200 3725
INFO 2024-12-04 21:22:25,482 basehttp "GET /post-form/ HTTP/1.1" 200 3725
WARNING 2024-12-04 21:22:25,552 log Not Found: /favicon.ico
INFO 2024-12-04 21:22:25,553 basehttp - Broken pipe from ('127.0.0.1', 55393)
INFO 2024-12-04 21:22:26,062 basehttp "GET /post-form/ HTTP/1.1" 200 3725
INFO 2024-12-04 21:22:48,692 basehttp "GET /post-form/ HTTP/1.1" 200 3675
WARNING 2024-12-04 21:22:48,786 log Not Found: /favicon.ico
INFO 2024-12-04 21:22:48,788 basehttp - Broken pipe from ('127.0.0.1', 55396)
INFO 2024-12-04 21:22:49,817 views Accès à la page d'accueil.
INFO 2024-12-04 21:22:49,923 basehttp "GET / HTTP/1.1" 200 6253
WARNING 2024-12-04 21:22:50,010 log Not Found: /favicon.ico
INFO 2024-12-04 21:22:50,012 basehttp - Broken pipe from ('127.0.0.1', 55400)
INFO 2024-12-04 21:22:51,293 basehttp "POST /en/set_language/ HTTP/1.1" 302 0
INFO 2024-12-04 21:22:51,312 views Accès à la page d'accueil.
INFO 2024-12-04 21:22:51,414 basehttp "GET / HTTP/1.1" 200 6335
INFO 2024-12-04 21:22:52,301 basehttp "GET /post-form/ HTTP/1.1" 200 3720
INFO 2024-12-04 21:32:35,549 basehttp "GET /post-form/ HTTP/1.1" 200 3719
WARNING 2024-12-04 21:32:35,631 log Not Found: /favicon.ico
INFO 2024-12-04 21:32:35,639 basehttp - Broken pipe from ('127.0.0.1', 52982)
INFO 2024-12-04 21:32:37,562 views Accès à la page d'accueil.
INFO 2024-12-04 21:32:37,787 basehttp "GET / HTTP/1.1" 200 6335
INFO 2024-12-04 21:32:43,609 views Accès à la liste des catégories.
INFO 2024-12-04 21:32:43,620 basehttp "GET /categories/ HTTP/1.1" 200 5467
WARNING 2024-12-04 21:32:43,712 log Not Found: /favicon.ico
INFO 2024-12-04 21:32:43,715 basehttp - Broken pipe from ('127.0.0.1', 52984)
INFO 2024-12-04 21:33:34,896 autoreload C:\code\cours-django\django-project\env\project_blog\blog\views.py changed, reloading.
INFO 2024-12-04 21:33:36,016 autoreload Watching for file changes with StatReloader
